[18:43:11] ConvaiChatbotComponentLog : Log : Cleanup | Character ID : 18ee52f0-800c-11f0-b3c0-42010a7be01f | Session ID : -1
[18:43:19] ConvaiPlayerLog : Log : UConvaiPlayerComponent: Found submix "AudioInput"
[18:43:25] ConvaiPlayerLog : Log : UConvaiPlayerComponent: Found submix "AudioInput"
[18:43:28] ConvaiPlayerLog : Log : UConvaiPlayerComponent: Found submix "AudioInput"
[18:44:08] ConvaiPlayerLog : Log : UConvaiPlayerComponent: Found submix "AudioInput"
[18:44:08] ConvaiPlayerLog : Log : UConvaiPlayerComponent: Found submix "AudioInput"
[18:44:21] ConvaiChatbotComponentLog : Log : Cleanup | Character ID :  | Session ID : -1
[18:44:27] ConvaiChatbotComponentLog : Log : Cleanup | Character ID :  | Session ID : -1
[18:44:27] ConvaiChatbotComponentLog : Log : Cleanup | Character ID :  | Session ID : -1
[18:44:27] ConvaiChatbotComponentLog : Log : Cleanup | Character ID :  | Session ID : -1
[18:44:27] ConvaiChatbotComponentLog : Log : Cleanup | Character ID :  | Session ID : -1
[18:44:27] ConvaiChatbotComponentLog : Log : Cleanup | Character ID :  | Session ID : -1
[18:44:27] ConvaiChatbotComponentLog : Log : Cleanup | Character ID :  | Session ID : -1
[18:44:27] ConvaiChatbotComponentLog : Log : Cleanup | Character ID :  | Session ID : -1
[18:44:27] ConvaiChatbotComponentLog : Log : Cleanup | Character ID :  | Session ID : -1
[18:44:27] ConvaiChatbotComponentLog : Log : Cleanup | Character ID :  | Session ID : -1
[18:44:27] ConvaiChatbotComponentLog : Log : Cleanup | Character ID :  | Session ID : -1
[18:44:27] ConvaiChatbotComponentLog : Log : Cleanup | Character ID :  | Session ID : -1
[18:44:27] ConvaiChatbotComponentLog : Log : Cleanup | Character ID :  | Session ID : -1
[18:44:27] ConvaiChatbotComponentLog : Log : Cleanup | Character ID :  | Session ID : -1
[18:44:27] ConvaiChatbotComponentLog : Log : Cleanup | Character ID :  | Session ID : -1
[18:44:27] ConvaiChatbotComponentLog : Log : Cleanup | Character ID :  | Session ID : -1
[18:44:27] ConvaiChatbotComponentLog : Log : Cleanup | Character ID :  | Session ID : -1
[18:44:27] ConvaiChatbotComponentLog : Log : Cleanup | Character ID :  | Session ID : -1
[18:44:27] ConvaiChatbotComponentLog : Log : Cleanup | Character ID :  | Session ID : -1
[18:44:27] ConvaiChatbotComponentLog : Log : Cleanup | Character ID :  | Session ID : -1
[18:44:27] ConvaiChatbotComponentLog : Log : Cleanup | Character ID :  | Session ID : -1
[18:44:27] ConvaiChatbotComponentLog : Log : Cleanup | Character ID :  | Session ID : -1
[18:44:27] ConvaiChatbotComponentLog : Log : Cleanup | Character ID :  | Session ID : -1
[18:44:27] ConvaiChatbotComponentLog : Log : Cleanup | Character ID :  | Session ID : -1
[18:44:27] ConvaiChatbotComponentLog : Log : Cleanup | Character ID :  | Session ID : -1
[18:44:27] ConvaiChatbotComponentLog : Log : Cleanup | Character ID :  | Session ID : -1
[18:44:27] ConvaiChatbotComponentLog : Log : Cleanup | Character ID :  | Session ID : -1
[18:44:27] ConvaiChatbotComponentLog : Log : Cleanup | Character ID :  | Session ID : -1
[18:44:27] ConvaiChatbotComponentLog : Log : Cleanup | Character ID :  | Session ID : -1
[18:44:27] ConvaiChatbotComponentLog : Log : Cleanup | Character ID :  | Session ID : -1
[18:44:27] ConvaiChatbotComponentLog : Log : Cleanup | Character ID :  | Session ID : -1
[18:44:27] ConvaiChatbotComponentLog : Log : Cleanup | Character ID :  | Session ID : -1
[18:44:27] ConvaiChatbotComponentLog : Log : Cleanup | Character ID :  | Session ID : -1
[18:44:27] ConvaiChatbotComponentLog : Log : Cleanup | Character ID :  | Session ID : -1
[18:44:27] ConvaiChatbotComponentLog : Log : Cleanup | Character ID :  | Session ID : -1
[18:44:27] ConvaiChatbotComponentLog : Log : Cleanup | Character ID :  | Session ID : -1
[18:44:27] ConvaiChatbotComponentLog : Log : Cleanup | Character ID :  | Session ID : -1
[18:44:27] ConvaiChatbotComponentLog : Log : Cleanup | Character ID :  | Session ID : -1
[18:44:27] ConvaiChatbotComponentLog : Log : Cleanup | Character ID :  | Session ID : -1
[18:44:27] ConvaiChatbotComponentLog : Log : Cleanup | Character ID :  | Session ID : -1
[18:44:27] ConvaiChatbotComponentLog : Log : Cleanup | Character ID :  | Session ID : -1
[18:44:27] ConvaiChatbotComponentLog : Log : Cleanup | Character ID :  | Session ID : -1
[18:44:27] ConvaiChatbotComponentLog : Log : Cleanup | Character ID :  | Session ID : -1
[18:44:27] ConvaiChatbotComponentLog : Log : Cleanup | Character ID :  | Session ID : -1
[18:44:27] ConvaiChatbotComponentLog : Log : Cleanup | Character ID :  | Session ID : -1
[18:44:27] ConvaiChatbotComponentLog : Log : Cleanup | Character ID :  | Session ID : -1
[18:44:27] ConvaiChatbotComponentLog : Log : Cleanup | Character ID :  | Session ID : -1
[18:44:27] ConvaiChatbotComponentLog : Log : Cleanup | Character ID :  | Session ID : -1
[18:44:27] ConvaiChatbotComponentLog : Log : Cleanup | Character ID :  | Session ID : -1
[18:44:27] ConvaiChatbotComponentLog : Log : Cleanup | Character ID :  | Session ID : -1
[18:44:27] ConvaiChatbotComponentLog : Log : Cleanup | Character ID :  | Session ID : -1
[18:44:27] ConvaiChatbotComponentLog : Log : Cleanup | Character ID :  | Session ID : -1
[18:44:27] ConvaiChatbotComponentLog : Log : Cleanup | Character ID :  | Session ID : -1
[18:44:27] ConvaiChatbotComponentLog : Log : Cleanup | Character ID :  | Session ID : -1
[18:44:27] ConvaiChatbotComponentLog : Log : Cleanup | Character ID :  | Session ID : -1
[18:44:27] ConvaiChatbotComponentLog : Log : Cleanup | Character ID :  | Session ID : -1
[18:44:27] ConvaiChatbotComponentLog : Log : Cleanup | Character ID :  | Session ID : -1
[18:44:27] ConvaiChatbotComponentLog : Log : Cleanup | Character ID :  | Session ID : -1
[18:44:27] ConvaiChatbotComponentLog : Log : Cleanup | Character ID :  | Session ID : -1
[18:44:27] ConvaiChatbotComponentLog : Log : Cleanup | Character ID :  | Session ID : -1
[18:44:27] ConvaiChatbotComponentLog : Log : Cleanup | Character ID :  | Session ID : -1
[18:44:27] ConvaiChatbotComponentLog : Log : Cleanup | Character ID :  | Session ID : -1
[18:44:27] ConvaiChatbotComponentLog : Log : Cleanup | Character ID :  | Session ID : -1
[18:44:27] ConvaiChatbotComponentLog : Log : Cleanup | Character ID :  | Session ID : -1
[18:44:27] ConvaiChatbotComponentLog : Log : Cleanup | Character ID :  | Session ID : -1
[18:44:27] ConvaiChatbotComponentLog : Log : Cleanup | Character ID :  | Session ID : -1
[18:44:27] ConvaiChatbotComponentLog : Log : Cleanup | Character ID :  | Session ID : -1
[18:44:27] ConvaiChatbotComponentLog : Log : Cleanup | Character ID :  | Session ID : -1
[18:44:27] ConvaiChatbotComponentLog : Log : Cleanup | Character ID :  | Session ID : -1
[18:44:27] ConvaiChatbotComponentLog : Log : Cleanup | Character ID :  | Session ID : -1
[18:44:27] ConvaiChatbotComponentLog : Log : Cleanup | Character ID :  | Session ID : -1
[18:44:27] ConvaiChatbotComponentLog : Log : Cleanup | Character ID :  | Session ID : -1
[18:44:27] ConvaiChatbotComponentLog : Log : Cleanup | Character ID :  | Session ID : -1
[18:44:27] ConvaiChatbotComponentLog : Log : Cleanup | Character ID :  | Session ID : -1
[18:44:27] ConvaiChatbotComponentLog : Log : Cleanup | Character ID :  | Session ID : -1
[18:44:27] ConvaiChatbotComponentLog : Log : Cleanup | Character ID :  | Session ID : -1
[18:44:27] ConvaiChatbotComponentLog : Log : Cleanup | Character ID :  | Session ID : -1
[18:44:27] ConvaiChatbotComponentLog : Log : Cleanup | Character ID :  | Session ID : -1
[18:44:27] ConvaiChatbotComponentLog : Log : Cleanup | Character ID :  | Session ID : -1
[18:44:27] ConvaiChatbotComponentLog : Log : Cleanup | Character ID :  | Session ID : -1
[18:44:30] ConvaiChatbotComponentLog : Log : Cleanup | Character ID :  | Session ID : -1
[18:44:30] ConvaiChatbotComponentLog : Log : Cleanup | Character ID :  | Session ID : -1
[18:44:30] ConvaiChatbotComponentLog : Log : Cleanup | Character ID :  | Session ID : -1
[18:44:30] ConvaiChatbotComponentLog : Log : Cleanup | Character ID :  | Session ID : -1
[18:44:30] ConvaiChatbotComponentLog : Log : Cleanup | Character ID :  | Session ID : -1
[18:44:30] ConvaiChatbotComponentLog : Log : Cleanup | Character ID :  | Session ID : -1
[18:44:30] ConvaiChatbotComponentLog : Log : Cleanup | Character ID :  | Session ID : -1
[18:44:30] ConvaiChatbotComponentLog : Log : Cleanup | Character ID :  | Session ID : -1
[18:44:37] ConvaiChatbotComponentLog : Log : Cleanup | Character ID :  | Session ID : -1
[18:44:37] ConvaiChatbotComponentLog : Log : Cleanup | Character ID :  | Session ID : -1
[18:44:37] ConvaiChatbotComponentLog : Log : Cleanup | Character ID :  | Session ID : -1
[18:44:37] ConvaiChatbotComponentLog : Log : Cleanup | Character ID :  | Session ID : -1
[18:44:37] ConvaiChatbotComponentLog : Log : Cleanup | Character ID :  | Session ID : -1
[18:44:37] ConvaiChatbotComponentLog : Log : Cleanup | Character ID :  | Session ID : -1
[18:44:37] ConvaiChatbotComponentLog : Log : Cleanup | Character ID :  | Session ID : -1
[18:44:37] ConvaiChatbotComponentLog : Log : Cleanup | Character ID :  | Session ID : -1
[18:44:37] ConvaiChatbotComponentLog : Log : Cleanup | Character ID :  | Session ID : -1
[18:44:37] ConvaiChatbotComponentLog : Log : Cleanup | Character ID :  | Session ID : -1
[18:44:37] ConvaiChatbotComponentLog : Log : Cleanup | Character ID :  | Session ID : -1
[18:44:37] ConvaiChatbotComponentLog : Log : Cleanup | Character ID :  | Session ID : -1
[18:44:37] ConvaiChatbotComponentLog : Log : Cleanup | Character ID :  | Session ID : -1
[18:44:57] ConvaiChatbotComponentLog : Log : Cleanup | Character ID :  | Session ID : -1
[18:44:57] ConvaiChatbotComponentLog : Log : Cleanup | Character ID :  | Session ID : -1
[18:44:57] ConvaiChatbotComponentLog : Log : Cleanup | Character ID :  | Session ID : -1
[18:44:57] ConvaiChatbotComponentLog : Log : Cleanup | Character ID :  | Session ID : -1
[18:44:57] ConvaiChatbotComponentLog : Log : Cleanup | Character ID :  | Session ID : -1
[18:44:57] ConvaiChatbotComponentLog : Log : Cleanup | Character ID :  | Session ID : -1
[18:44:57] ConvaiChatbotComponentLog : Log : Cleanup | Character ID :  | Session ID : -1
[18:44:57] ConvaiChatbotComponentLog : Log : Cleanup | Character ID :  | Session ID : -1
[18:45:24] ConvaiSubsystemLog : Log : gRPC Creating Channel...
[18:45:24] ConvaiSubsystemLog : Log : UConvaiSubsystem Started
[18:45:24] ConvaiSubsystemLog : Log : Start Run
[18:45:24] ConvaiPlayerLog : Log : UConvaiPlayerComponent: Found submix "AudioInput"
[18:45:24] ConvaiSubsystemLog : Verbose : Registered player component: ConvaiPlayer
[18:45:28] ConvaiSubsystemLog : Verbose : Unregistered player component: ConvaiPlayer
[18:45:28] ConvaiSubsystemLog : Log : UConvaiSubsystem Stopped
[18:45:28] ConvaiSubsystemLog : Log : End Run
[18:45:28] ConvaiChatbotComponentLog : Log : Cleanup | Character ID :  | Session ID : -1
[18:45:28] ConvaiChatbotComponentLog : Log : Cleanup | Character ID :  | Session ID : -1
[18:45:28] ConvaiChatbotComponentLog : Log : Cleanup | Character ID : 18ee52f0-800c-11f0-b3c0-42010a7be01f | Session ID : -1
[18:45:28] ConvaiChatbotComponentLog : Log : Cleanup | Character ID :  | Session ID : -1
[18:45:28] ConvaiChatbotComponentLog : Log : Cleanup | Character ID :  | Session ID : -1
[18:45:28] ConvaiChatbotComponentLog : Log : Cleanup | Character ID : 18ee52f0-800c-11f0-b3c0-42010a7be01f | Session ID : -1
[18:45:33] ConvaiSubsystemLog : Log : gRPC Creating Channel...
[18:45:33] ConvaiSubsystemLog : Log : UConvaiSubsystem Started
[18:45:33] ConvaiSubsystemLog : Log : Start Run
[18:45:35] ConvaiSubsystemLog : Log : UConvaiSubsystem Stopped
[18:45:35] ConvaiSubsystemLog : Log : End Run
[18:45:35] ConvaiChatbotComponentLog : Log : Cleanup | Character ID : 18ee52f0-800c-11f0-b3c0-42010a7be01f | Session ID : -1
[18:45:36] ConvaiSubsystemLog : Log : gRPC Creating Channel...
[18:45:36] ConvaiSubsystemLog : Log : UConvaiSubsystem Started
[18:45:36] ConvaiSubsystemLog : Log : Start Run
[18:45:37] ConvaiPlayerLog : Log : UConvaiPlayerComponent: Found submix "AudioInput"
[18:45:37] ConvaiSubsystemLog : Verbose : Registered player component: ConvaiPlayer
[18:45:51] ConvaiSubsystemLog : Verbose : Unregistered player component: ConvaiPlayer
[18:45:51] ConvaiSubsystemLog : Log : UConvaiSubsystem Stopped
[18:45:51] ConvaiSubsystemLog : Log : End Run
[18:45:51] ConvaiChatbotComponentLog : Log : Cleanup | Character ID : 18ee52f0-800c-11f0-b3c0-42010a7be01f | Session ID : -1
[18:45:51] ConvaiChatbotComponentLog : Log : Cleanup | Character ID : 18ee52f0-800c-11f0-b3c0-42010a7be01f | Session ID : -1
[18:46:08] ConvaiSubsystemLog : Log : gRPC Creating Channel...
[18:46:08] ConvaiSubsystemLog : Log : UConvaiSubsystem Started
[18:46:08] ConvaiSubsystemLog : Log : Start Run
[18:46:08] ConvaiPlayerLog : Log : UConvaiPlayerComponent: Found submix "AudioInput"
[18:46:08] ConvaiSubsystemLog : Verbose : Registered player component: ConvaiPlayer
[18:46:10] ConvaiSubsystemLog : Verbose : Unregistered player component: ConvaiPlayer
[18:46:10] ConvaiSubsystemLog : Log : UConvaiSubsystem Stopped
[18:46:10] ConvaiSubsystemLog : Log : End Run
[18:46:10] ConvaiChatbotComponentLog : Log : Cleanup | Character ID : 18ee52f0-800c-11f0-b3c0-42010a7be01f | Session ID : -1
[18:46:27] ConvaiChatbotComponentLog : Log : Cleanup | Character ID :  | Session ID : -1
[18:46:27] ConvaiChatbotComponentLog : Log : Cleanup | Character ID :  | Session ID : -1
[18:46:27] ConvaiChatbotComponentLog : Log : Cleanup | Character ID :  | Session ID : -1
[18:46:27] ConvaiChatbotComponentLog : Log : Cleanup | Character ID : 18ee52f0-800c-11f0-b3c0-42010a7be01f | Session ID : -1
[18:46:27] ConvaiChatbotComponentLog : Log : Cleanup | Character ID :  | Session ID : -1
[18:46:27] ConvaiChatbotComponentLog : Log : Cleanup | Character ID : 18ee52f0-800c-11f0-b3c0-42010a7be01f | Session ID : -1
[18:46:27] ConvaiChatbotComponentLog : Log : Cleanup | Character ID :  | Session ID : -1
[18:46:29] ConvaiSubsystemLog : Log : gRPC Creating Channel...
[18:46:29] ConvaiSubsystemLog : Log : UConvaiSubsystem Started
[18:46:29] ConvaiSubsystemLog : Log : Start Run
[18:46:29] ConvaiPlayerLog : Log : UConvaiPlayerComponent: Found submix "AudioInput"
[18:46:29] ConvaiSubsystemLog : Verbose : Registered player component: ConvaiPlayer
[18:46:46] ConvaiSubsystemLog : Verbose : Unregistered player component: ConvaiPlayer
[18:46:46] ConvaiSubsystemLog : Log : UConvaiSubsystem Stopped
[18:46:46] ConvaiSubsystemLog : Log : End Run
[18:46:46] ConvaiChatbotComponentLog : Log : Cleanup | Character ID :  | Session ID : -1
[18:46:53] ConvaiSubsystemLog : Log : gRPC Creating Channel...
[18:46:53] ConvaiSubsystemLog : Log : UConvaiSubsystem Started
[18:46:53] ConvaiSubsystemLog : Log : Start Run
[18:46:53] ConvaiPlayerLog : Log : UConvaiPlayerComponent: Found submix "AudioInput"
[18:46:53] ConvaiSubsystemLog : Verbose : Registered player component: ConvaiPlayer
[18:46:58] ConvaiPlayerLog : Warning : SendText: ConvaiChatbotComponent is not valid
[18:46:59] ConvaiSubsystemLog : Verbose : Unregistered player component: ConvaiPlayer
[18:46:59] ConvaiSubsystemLog : Log : UConvaiSubsystem Stopped
[18:46:59] ConvaiSubsystemLog : Log : End Run
[18:47:28] ConvaiChatbotComponentLog : Log : Cleanup | Character ID :  | Session ID : -1
[18:47:28] ConvaiChatbotComponentLog : Log : Cleanup | Character ID :  | Session ID : -1
[18:47:28] ConvaiChatbotComponentLog : Log : Cleanup | Character ID :  | Session ID : -1
[18:47:28] ConvaiChatbotComponentLog : Log : Cleanup | Character ID :  | Session ID : -1
[18:47:28] ConvaiChatbotComponentLog : Log : Cleanup | Character ID :  | Session ID : -1
[18:47:28] ConvaiChatbotComponentLog : Log : Cleanup | Character ID :  | Session ID : -1
[18:47:28] ConvaiSubsystemLog : Log : gRPC Creating Channel...
[18:47:28] ConvaiSubsystemLog : Log : UConvaiSubsystem Started
[18:47:28] ConvaiSubsystemLog : Log : Start Run
[18:47:28] ConvaiPlayerLog : Log : UConvaiPlayerComponent: Found submix "AudioInput"
[18:47:28] ConvaiSubsystemLog : Verbose : Registered player component: ConvaiPlayer
[18:52:39] ConvaiSubsystemLog : Verbose : Unregistered player component: ConvaiPlayer
[18:52:39] ConvaiSubsystemLog : Log : UConvaiSubsystem Stopped
[18:52:39] ConvaiSubsystemLog : Log : End Run
[18:52:39] ConvaiChatbotComponentLog : Log : Cleanup | Character ID :  | Session ID : -1
[18:52:39] ConvaiChatbotComponentLog : Log : Cleanup | Character ID :  | Session ID : -1
[18:52:51] ConvaiSubsystemLog : Log : gRPC Creating Channel...
[18:52:51] ConvaiSubsystemLog : Log : UConvaiSubsystem Started
[18:52:51] ConvaiSubsystemLog : Log : Start Run
[18:52:51] ConvaiPlayerLog : Log : UConvaiPlayerComponent: Found submix "AudioInput"
[18:52:51] ConvaiSubsystemLog : Verbose : Registered player component: ConvaiPlayer
[18:52:57] ConvaiSubsystemLog : Warning : gRPC channel not ready yet.. Current State: GRPC_CHANNEL_IDLE
[18:52:57] ConvaiGRPCLog : Log : AsyncGetResponse started | Character ID : 18ee52f0-800c-11f0-b3c0-42010a7be01f | Session ID : -1
[18:52:57] ConvaiPlayerLog : Log : Started Talking
[18:52:57] ConvaiAudioLog : Log : Using Microphone (4- USB Audio Device) as Audio capture device with NumChannels:1 and SampleRate:48000
[18:52:57] ConvaiChatbotComponentLog : Log : InterruptSpeech: Interrupting character | Character ID : 18ee52f0-800c-11f0-b3c0-42010a7be01f | Session ID : -1
[18:52:57] ConvaiChatbotComponentLog : Log : UConvaiChatbotComponent Request Finished! | Character ID : 18ee52f0-800c-11f0-b3c0-42010a7be01f | Session ID : -1
[18:52:57] ConvaiChatbotComponentLog : Log : Chatbot Total Received Audio: 0.000000 seconds
[18:52:57] ConvaiSubsystemLog : Warning : gRPC channel not ready yet.. Current State: GRPC_CHANNEL_CONNECTING
[18:52:57] ConvaiGRPCLog : Log : AsyncGetResponse started | Character ID : 18ee52f0-800c-11f0-b3c0-42010a7be01f | Session ID : -1
[18:52:57] ConvaiGRPCLog : Log : GRPC GetResponse stream initialized | Character ID : 18ee52f0-800c-11f0-b3c0-42010a7be01f | Session ID : -1
[18:52:57] ConvaiGRPCLog : Log : request: character_id: "18ee52f0-800c-11f0-b3c0-42010a7be01f"
api_key: "384f8dfb83426b764bdfd44fd7ea6183"
session_id: "-1"
audio_config {
  sample_rate_hertz: 16000
}
action_config {
  actions: "Moves To"
  actions: "Follows"
  actions: "None"
  actions: "Stops"
  actions: "Waits for <time in seconds or character>"
  characters {
    name: "Buddy"
  }
  characters {
    name: "Guest"
  }
  characters {
    name: "Player"
  }
  classification: "multistep"
}
speaker: "Player"
dynamic_info_config {
}
 | Character ID : 18ee52f0-800c-11f0-b3c0-42010a7be01f | Session ID : -1
[18:52:57] ConvaiGRPCLog : Log : Initial Stream Write | Character ID : 18ee52f0-800c-11f0-b3c0-42010a7be01f | Session ID : -1
[18:52:57] ConvaiGRPCLog : Log : Initial Stream Read | Character ID : 18ee52f0-800c-11f0-b3c0-42010a7be01f | Session ID : -1
[18:52:57] ConvaiGRPCLog : Log : GRPC GetResponse stream initialized | Character ID : 18ee52f0-800c-11f0-b3c0-42010a7be01f | Session ID : -1
[18:52:57] ConvaiGRPCLog : Log : request: character_id: "18ee52f0-800c-11f0-b3c0-42010a7be01f"
api_key: "384f8dfb83426b764bdfd44fd7ea6183"
session_id: "-1"
audio_config {
  sample_rate_hertz: 16000
}
action_config {
  actions: "Moves To"
  actions: "Follows"
  actions: "None"
  actions: "Stops"
  actions: "Waits for <time in seconds or character>"
  characters {
    name: "Buddy"
  }
  characters {
    name: "Guest"
  }
  characters {
    name: "Player"
  }
  classification: "multistep"
}
speaker: "Player"
dynamic_info_config {
}
 | Character ID : 18ee52f0-800c-11f0-b3c0-42010a7be01f | Session ID : -1
[18:52:57] ConvaiGRPCLog : Log : Initial Stream Write | Character ID : 18ee52f0-800c-11f0-b3c0-42010a7be01f | Session ID : -1
[18:52:57] ConvaiGRPCLog : Log : Initial Stream Read | Character ID : 18ee52f0-800c-11f0-b3c0-42010a7be01f | Session ID : -1
[18:52:57] ConvaiGRPCLog : Log : Sent UserQuery Solve this example and explain the rules: 9+10*2: | Character ID : 18ee52f0-800c-11f0-b3c0-42010a7be01f | Session ID : -1
[18:52:57] ConvaiGRPCLog : Log : Calling Stream WriteLast | Character ID : 18ee52f0-800c-11f0-b3c0-42010a7be01f | Session ID : -1
[18:52:57] ConvaiGRPCLog : Log : OnStreamWriteDone
[18:52:57] ConvaiGRPCLog : Log : NumberOfAudioBytesSent 0
[18:52:58] ConvaiPlayerLog : Log : FinishTalking calling FinishGetResponseStream
[18:52:58] ConvaiGRPCLog : Log : Finish Writing to audio data buffer
[18:52:58] ConvaiGRPCLog : Log : FinishWriting:: Informing On Data Received
[18:52:58] ConvaiGRPCLog : Log : Calling Stream WritesDone | LastWriteReceived : True | AudioBuffer.Num() : 0 | Character ID : 18ee52f0-800c-11f0-b3c0-42010a7be01f | Session ID : -1
[18:52:58] ConvaiGRPCLog : Log : On Stream Write Done Writing
[18:52:58] ConvaiPlayerLog : Log : Finished Talking
[18:52:58] ConvaiGRPCLog : Log : OnStreamWriteDone
[18:52:58] ConvaiGRPCLog : Log : NumberOfAudioBytesSent 27962
[18:52:58] ConvaiGRPCLog : Log : Received UserQuery Follow.: | Character ID : 18ee52f0-800c-11f0-b3c0-42010a7be01f | Session ID : a6af657bf59147f83e7cb7b965e00228 | IsFinalTranscription : False
[18:52:58] ConvaiGRPCLog : Log : Received UserQuery Follow me.: | Character ID : 18ee52f0-800c-11f0-b3c0-42010a7be01f | Session ID : a6af657bf59147f83e7cb7b965e00228 | IsFinalTranscription : False
[18:52:58] ConvaiGRPCLog : Log : Received UserQuery Follow me.: | Character ID : 18ee52f0-800c-11f0-b3c0-42010a7be01f | Session ID : a6af657bf59147f83e7cb7b965e00228 | IsFinalTranscription : True
[18:52:59] ConvaiSubsystemLog : Verbose : Unregistered player component: ConvaiPlayer
[18:52:59] ConvaiSubsystemLog : Log : UConvaiSubsystem Stopped
[18:52:59] ConvaiSubsystemLog : Log : Could not run gRPC delegate due to thread closing down
[18:52:59] ConvaiSubsystemLog : Log : End Run
[18:52:59] ConvaiGRPCLog : Log : Destroying UConvaiGRPCGetResponseProxy... | Character ID : 18ee52f0-800c-11f0-b3c0-42010a7be01f | Session ID : a6af657bf59147f83e7cb7b965e00228
[18:52:59] ConvaiGRPCLog : Log : Destroying UConvaiGRPCGetResponseProxy... | Character ID : 18ee52f0-800c-11f0-b3c0-42010a7be01f | Session ID : -1
[18:52:59] ConvaiChatbotComponentLog : Log : Cleanup | Character ID : 18ee52f0-800c-11f0-b3c0-42010a7be01f | Session ID : a6af657bf59147f83e7cb7b965e00228
[18:52:59] ConvaiChatbotComponentLog : Log : Cleanup | Character ID :  | Session ID : -1
[18:52:59] ConvaiChatbotComponentLog : Log : Cleanup | Character ID : 18ee52f0-800c-11f0-b3c0-42010a7be01f | Session ID : -1
[18:53:05] ConvaiPlayerLog : Log : UConvaiPlayerComponent: Found submix "AudioInput"
[18:53:08] ConvaiPlayerLog : Log : UConvaiPlayerComponent: Found submix "AudioInput"
[18:53:08] ConvaiPlayerLog : Log : UConvaiPlayerComponent: Found submix "AudioInput"
[18:53:08] ConvaiPlayerLog : Log : UConvaiPlayerComponent: Found submix "AudioInput"
[18:53:08] ConvaiPlayerLog : Log : UConvaiPlayerComponent: Found submix "AudioInput"
[18:53:08] ConvaiPlayerLog : Log : UConvaiPlayerComponent: Found submix "AudioInput"
[18:53:08] ConvaiPlayerLog : Log : UConvaiPlayerComponent: Found submix "AudioInput"
[18:53:08] ConvaiPlayerLog : Log : UConvaiPlayerComponent: Found submix "AudioInput"
[18:53:09] ConvaiSubsystemLog : Log : gRPC Creating Channel...
[18:53:09] ConvaiSubsystemLog : Log : UConvaiSubsystem Started
[18:53:09] ConvaiSubsystemLog : Log : Start Run
[18:53:09] ConvaiPlayerLog : Log : UConvaiPlayerComponent: Found submix "AudioInput"
[18:53:09] ConvaiSubsystemLog : Verbose : Registered player component: ConvaiPlayer
[18:53:12] ConvaiPlayerLog : Log : Started Talking
[18:53:12] ConvaiAudioLog : Log : Using Microphone (4- USB Audio Device) as Audio capture device with NumChannels:1 and SampleRate:48000
[18:53:12] ConvaiSubsystemLog : Warning : gRPC channel not ready yet.. Current State: GRPC_CHANNEL_IDLE
[18:53:12] ConvaiGRPCLog : Log : AsyncGetResponse started | Character ID : 18ee52f0-800c-11f0-b3c0-42010a7be01f | Session ID : -1
[18:53:13] ConvaiGRPCLog : Log : GRPC GetResponse stream initialized | Character ID : 18ee52f0-800c-11f0-b3c0-42010a7be01f | Session ID : -1
[18:53:13] ConvaiGRPCLog : Log : request: character_id: "18ee52f0-800c-11f0-b3c0-42010a7be01f"
api_key: "384f8dfb83426b764bdfd44fd7ea6183"
session_id: "-1"
audio_config {
  sample_rate_hertz: 16000
}
action_config {
  characters {
    name: "Player"
  }
  classification: "multistep"
}
speaker: "Player"
dynamic_info_config {
}
 | Character ID : 18ee52f0-800c-11f0-b3c0-42010a7be01f | Session ID : -1
[18:53:13] ConvaiGRPCLog : Log : Initial Stream Write | Character ID : 18ee52f0-800c-11f0-b3c0-42010a7be01f | Session ID : -1
[18:53:13] ConvaiGRPCLog : Log : Initial Stream Read | Character ID : 18ee52f0-800c-11f0-b3c0-42010a7be01f | Session ID : -1
[18:53:13] ConvaiPlayerLog : Log : FinishTalking calling FinishGetResponseStream
[18:53:13] ConvaiGRPCLog : Log : Finish Writing to audio data buffer
[18:53:13] ConvaiGRPCLog : Log : FinishWriting:: Informing On Data Received
[18:53:13] ConvaiGRPCLog : Log : Calling Stream WritesDone | LastWriteReceived : True | AudioBuffer.Num() : 0 | Character ID : 18ee52f0-800c-11f0-b3c0-42010a7be01f | Session ID : -1
[18:53:13] ConvaiGRPCLog : Log : On Stream Write Done Writing
[18:53:13] ConvaiPlayerLog : Log : Finished Talking
[18:53:13] ConvaiGRPCLog : Log : OnStreamWriteDone
[18:53:13] ConvaiGRPCLog : Log : NumberOfAudioBytesSent 29326
[18:53:14] ConvaiGRPCLog : Log : Received UserQuery Follow.: | Character ID : 18ee52f0-800c-11f0-b3c0-42010a7be01f | Session ID : 9449aca5f06247d559d86831b4304713 | IsFinalTranscription : False
[18:53:14] ConvaiGRPCLog : Log : Received UserQuery Follow me.: | Character ID : 18ee52f0-800c-11f0-b3c0-42010a7be01f | Session ID : 9449aca5f06247d559d86831b4304713 | IsFinalTranscription : True
[18:53:15] ConvaiGRPCLog : Log : GetResponse EmotionResponseDebug: session_id: "9449aca5f06247d559d86831b4304713"
emotion_response: "Serenity"

[18:53:15] ConvaiGRPCLog : Log : Received Audio Chunk: 0.766009 secs | Character ID : 18ee52f0-800c-11f0-b3c0-42010a7be01f | Session ID : 9449aca5f06247d559d86831b4304713
[18:53:15] ConvaiGRPCLog : Log : EmotionResponse: joy 1
[18:53:15] ConvaiAudioStreamerLog : Log : New SampleRate: 44100
[18:53:15] ConvaiAudioStreamerLog : Log : New Channels: 1
[18:53:15] ConvaiAudioStreamerLog : Log : State transition: Stopped -> Playing
[18:53:15] ConvaiGRPCLog : Log : Received Text Okay! : | Character ID : 18ee52f0-800c-11f0-b3c0-42010a7be01f | Session ID : 9449aca5f06247d559d86831b4304713 | ReceivedFinalResponse : False
[18:53:15] ConvaiGRPCLog : Log : GetResponse EmotionResponseDebug: session_id: "9449aca5f06247d559d86831b4304713"
emotion_response: "Serenity"

[18:53:16] ConvaiGRPCLog : Log : Received Audio Chunk: 1.263197 secs | Character ID : 18ee52f0-800c-11f0-b3c0-42010a7be01f | Session ID : 9449aca5f06247d559d86831b4304713
[18:53:16] ConvaiGRPCLog : Log : EmotionResponse: joy 1
[18:53:16] ConvaiChatbotComponentLog : Log : Chatbot Total Received Audio: 2.027165 seconds
[18:53:16] ConvaiGRPCLog : Log : Received Text I will follow you!: | Character ID : 18ee52f0-800c-11f0-b3c0-42010a7be01f | Session ID : 9449aca5f06247d559d86831b4304713 | ReceivedFinalResponse : True
[18:53:16] ConvaiGRPCLog : Log : GetResponse SequenceString: No Actions
[18:53:16] ConvaiGRPCLog : Log : Action: None
[18:53:16] ConvaiGRPCLog : Log : GetResponse EmotionResponseDebug: session_id: "9449aca5f06247d559d86831b4304713"
emotion_response: "Ecstasy Admiration"

[18:53:17] ConvaiGRPCLog : Log : No more data to read after 3 attempts. Calling Finish...
[18:53:17] ConvaiGRPCLog : Log : Calling Stream Finish | Character ID : 18ee52f0-800c-11f0-b3c0-42010a7be01f | Session ID : 9449aca5f06247d559d86831b4304713
[18:53:17] ConvaiGRPCLog : Log : On Stream Finish | Character ID : 18ee52f0-800c-11f0-b3c0-42010a7be01f | Session ID : 9449aca5f06247d559d86831b4304713
[18:53:17] ConvaiChatbotComponentLog : Log : UConvaiChatbotComponent Request Finished! | Character ID : 18ee52f0-800c-11f0-b3c0-42010a7be01f | Session ID : 9449aca5f06247d559d86831b4304713
[18:53:17] ConvaiAudioStreamerLog : Log : onAudioFinished
[18:53:17] ConvaiAudioStreamerLog : Log : State transition: Playing -> Stopped
[18:53:21] ConvaiSubsystemLog : Verbose : Unregistered player component: ConvaiPlayer
[18:53:21] ConvaiSubsystemLog : Log : UConvaiSubsystem Stopped
[18:53:21] ConvaiSubsystemLog : Log : End Run
[18:53:21] ConvaiGRPCLog : Log : Destroying UConvaiGRPCGetResponseProxy... | Character ID : 18ee52f0-800c-11f0-b3c0-42010a7be01f | Session ID : 9449aca5f06247d559d86831b4304713
[18:53:21] ConvaiChatbotComponentLog : Log : Cleanup | Character ID : 18ee52f0-800c-11f0-b3c0-42010a7be01f | Session ID : 9449aca5f06247d559d86831b4304713
[18:53:21] ConvaiChatbotComponentLog : Log : Cleanup | Character ID :  | Session ID : -1
[18:53:27] ConvaiChatbotComponentLog : Log : Cleanup | Character ID :  | Session ID : -1
[18:53:27] ConvaiChatbotComponentLog : Log : Cleanup | Character ID :  | Session ID : -1
[18:53:27] ConvaiChatbotComponentLog : Log : Cleanup | Character ID :  | Session ID : -1
[18:53:27] ConvaiChatbotComponentLog : Log : Cleanup | Character ID : 18ee52f0-800c-11f0-b3c0-42010a7be01f | Session ID : -1
[18:53:32] ConvaiPlayerLog : Log : UConvaiPlayerComponent: Found submix "AudioInput"
[18:53:34] ConvaiPlayerLog : Log : UConvaiPlayerComponent: Found submix "AudioInput"
[18:53:49] ConvaiPlayerLog : Log : UConvaiPlayerComponent: Found submix "AudioInput"
[18:53:49] ConvaiPlayerLog : Log : UConvaiPlayerComponent: Found submix "AudioInput"
[18:54:00] ConvaiPlayerLog : Log : UConvaiPlayerComponent: Found submix "AudioInput"
[18:54:00] ConvaiPlayerLog : Log : UConvaiPlayerComponent: Found submix "AudioInput"
[18:54:13] ConvaiChatbotComponentLog : Log : Cleanup | Character ID :  | Session ID : -1
[18:55:26] ConvaiChatbotComponentLog : Log : Cleanup | Character ID :  | Session ID : -1
[18:55:26] ConvaiChatbotComponentLog : Log : Cleanup | Character ID :  | Session ID : -1
[18:55:26] ConvaiChatbotComponentLog : Log : Cleanup | Character ID :  | Session ID : -1
[18:55:26] ConvaiChatbotComponentLog : Log : Cleanup | Character ID :  | Session ID : -1
[18:55:26] ConvaiChatbotComponentLog : Log : Cleanup | Character ID :  | Session ID : -1
[18:55:26] ConvaiChatbotComponentLog : Log : Cleanup | Character ID :  | Session ID : -1
[18:55:26] ConvaiChatbotComponentLog : Log : Cleanup | Character ID :  | Session ID : -1
[18:55:26] ConvaiChatbotComponentLog : Log : Cleanup | Character ID :  | Session ID : -1
[18:55:26] ConvaiChatbotComponentLog : Log : Cleanup | Character ID :  | Session ID : -1
[18:55:26] ConvaiChatbotComponentLog : Log : Cleanup | Character ID :  | Session ID : -1
[18:55:26] ConvaiChatbotComponentLog : Log : Cleanup | Character ID :  | Session ID : -1
[18:55:26] ConvaiChatbotComponentLog : Log : Cleanup | Character ID :  | Session ID : -1
[18:55:29] ConvaiChatbotComponentLog : Log : Cleanup | Character ID :  | Session ID : -1
[18:55:29] ConvaiChatbotComponentLog : Log : Cleanup | Character ID :  | Session ID : -1
[18:55:29] ConvaiChatbotComponentLog : Log : Cleanup | Character ID :  | Session ID : -1
[18:55:29] ConvaiChatbotComponentLog : Log : Cleanup | Character ID :  | Session ID : -1
[18:55:29] ConvaiChatbotComponentLog : Log : Cleanup | Character ID :  | Session ID : -1
[18:55:29] ConvaiChatbotComponentLog : Log : Cleanup | Character ID :  | Session ID : -1
[18:55:29] ConvaiChatbotComponentLog : Log : Cleanup | Character ID :  | Session ID : -1
[18:55:29] ConvaiChatbotComponentLog : Log : Cleanup | Character ID :  | Session ID : -1
[18:55:29] ConvaiChatbotComponentLog : Log : Cleanup | Character ID :  | Session ID : -1
[18:55:29] ConvaiChatbotComponentLog : Log : Cleanup | Character ID :  | Session ID : -1
[18:55:29] ConvaiChatbotComponentLog : Log : Cleanup | Character ID :  | Session ID : -1
[18:55:29] ConvaiChatbotComponentLog : Log : Cleanup | Character ID :  | Session ID : -1
[18:55:29] ConvaiChatbotComponentLog : Log : Cleanup | Character ID :  | Session ID : -1
[18:55:29] ConvaiChatbotComponentLog : Log : Cleanup | Character ID :  | Session ID : -1
[18:55:29] ConvaiChatbotComponentLog : Log : Cleanup | Character ID :  | Session ID : -1
[18:55:29] ConvaiChatbotComponentLog : Log : Cleanup | Character ID :  | Session ID : -1
[18:55:29] ConvaiChatbotComponentLog : Log : Cleanup | Character ID :  | Session ID : -1
[18:55:29] ConvaiChatbotComponentLog : Log : Cleanup | Character ID :  | Session ID : -1
[18:55:29] ConvaiChatbotComponentLog : Log : Cleanup | Character ID :  | Session ID : -1
[18:55:29] ConvaiChatbotComponentLog : Log : Cleanup | Character ID :  | Session ID : -1
[18:55:29] ConvaiChatbotComponentLog : Log : Cleanup | Character ID :  | Session ID : -1
[18:55:29] ConvaiChatbotComponentLog : Log : Cleanup | Character ID :  | Session ID : -1
[18:55:29] ConvaiChatbotComponentLog : Log : Cleanup | Character ID :  | Session ID : -1
[18:55:29] ConvaiChatbotComponentLog : Log : Cleanup | Character ID :  | Session ID : -1
[18:55:29] ConvaiChatbotComponentLog : Log : Cleanup | Character ID :  | Session ID : -1
[18:55:29] ConvaiChatbotComponentLog : Log : Cleanup | Character ID :  | Session ID : -1
[18:55:29] ConvaiChatbotComponentLog : Log : Cleanup | Character ID :  | Session ID : -1
[18:55:29] ConvaiChatbotComponentLog : Log : Cleanup | Character ID :  | Session ID : -1
[18:55:29] ConvaiChatbotComponentLog : Log : Cleanup | Character ID :  | Session ID : -1
[18:55:29] ConvaiChatbotComponentLog : Log : Cleanup | Character ID :  | Session ID : -1
[18:55:29] ConvaiChatbotComponentLog : Log : Cleanup | Character ID :  | Session ID : -1
[18:55:29] ConvaiChatbotComponentLog : Log : Cleanup | Character ID :  | Session ID : -1
[18:55:29] ConvaiChatbotComponentLog : Log : Cleanup | Character ID :  | Session ID : -1
[18:55:29] ConvaiChatbotComponentLog : Log : Cleanup | Character ID :  | Session ID : -1
[18:55:29] ConvaiChatbotComponentLog : Log : Cleanup | Character ID :  | Session ID : -1
[18:55:29] ConvaiChatbotComponentLog : Log : Cleanup | Character ID :  | Session ID : -1
[18:55:29] ConvaiChatbotComponentLog : Log : Cleanup | Character ID :  | Session ID : -1
[18:55:29] ConvaiChatbotComponentLog : Log : Cleanup | Character ID :  | Session ID : -1
[18:55:29] ConvaiChatbotComponentLog : Log : Cleanup | Character ID :  | Session ID : -1
[18:55:29] ConvaiChatbotComponentLog : Log : Cleanup | Character ID :  | Session ID : -1
[18:55:29] ConvaiChatbotComponentLog : Log : Cleanup | Character ID :  | Session ID : -1
[18:55:29] ConvaiChatbotComponentLog : Log : Cleanup | Character ID :  | Session ID : -1
[18:55:29] ConvaiChatbotComponentLog : Log : Cleanup | Character ID :  | Session ID : -1
[18:55:29] ConvaiChatbotComponentLog : Log : Cleanup | Character ID :  | Session ID : -1
[18:55:29] ConvaiChatbotComponentLog : Log : Cleanup | Character ID :  | Session ID : -1
[18:55:29] ConvaiChatbotComponentLog : Log : Cleanup | Character ID :  | Session ID : -1
[18:55:29] ConvaiChatbotComponentLog : Log : Cleanup | Character ID :  | Session ID : -1
[18:55:29] ConvaiChatbotComponentLog : Log : Cleanup | Character ID :  | Session ID : -1
[18:55:29] ConvaiChatbotComponentLog : Log : Cleanup | Character ID :  | Session ID : -1
[18:55:29] ConvaiChatbotComponentLog : Log : Cleanup | Character ID :  | Session ID : -1
[18:55:29] ConvaiChatbotComponentLog : Log : Cleanup | Character ID :  | Session ID : -1
[18:55:29] ConvaiChatbotComponentLog : Log : Cleanup | Character ID :  | Session ID : -1
[18:55:29] ConvaiChatbotComponentLog : Log : Cleanup | Character ID :  | Session ID : -1
[18:55:29] ConvaiChatbotComponentLog : Log : Cleanup | Character ID :  | Session ID : -1
[18:55:29] ConvaiChatbotComponentLog : Log : Cleanup | Character ID :  | Session ID : -1
[18:55:29] ConvaiChatbotComponentLog : Log : Cleanup | Character ID :  | Session ID : -1
[18:55:29] ConvaiChatbotComponentLog : Log : Cleanup | Character ID :  | Session ID : -1
[18:55:29] ConvaiChatbotComponentLog : Log : Cleanup | Character ID :  | Session ID : -1
[18:55:29] ConvaiChatbotComponentLog : Log : Cleanup | Character ID :  | Session ID : -1
[18:55:29] ConvaiChatbotComponentLog : Log : Cleanup | Character ID :  | Session ID : -1
[18:55:29] ConvaiChatbotComponentLog : Log : Cleanup | Character ID :  | Session ID : -1
[18:55:29] ConvaiChatbotComponentLog : Log : Cleanup | Character ID :  | Session ID : -1
[18:55:29] ConvaiChatbotComponentLog : Log : Cleanup | Character ID :  | Session ID : -1
[18:55:29] ConvaiChatbotComponentLog : Log : Cleanup | Character ID :  | Session ID : -1
[18:55:29] ConvaiChatbotComponentLog : Log : Cleanup | Character ID :  | Session ID : -1
[18:55:29] ConvaiChatbotComponentLog : Log : Cleanup | Character ID :  | Session ID : -1
[18:55:29] ConvaiChatbotComponentLog : Log : Cleanup | Character ID :  | Session ID : -1
[18:55:29] ConvaiChatbotComponentLog : Log : Cleanup | Character ID :  | Session ID : -1
[18:55:29] ConvaiChatbotComponentLog : Log : Cleanup | Character ID :  | Session ID : -1
[18:55:29] ConvaiChatbotComponentLog : Log : Cleanup | Character ID :  | Session ID : -1
[18:55:29] ConvaiChatbotComponentLog : Log : Cleanup | Character ID :  | Session ID : -1
[18:55:29] ConvaiChatbotComponentLog : Log : Cleanup | Character ID :  | Session ID : -1
[18:55:29] ConvaiChatbotComponentLog : Log : Cleanup | Character ID :  | Session ID : -1
[18:55:29] ConvaiChatbotComponentLog : Log : Cleanup | Character ID :  | Session ID : -1
[18:55:29] ConvaiChatbotComponentLog : Log : Cleanup | Character ID :  | Session ID : -1
[18:55:29] ConvaiChatbotComponentLog : Log : Cleanup | Character ID :  | Session ID : -1
[18:55:29] ConvaiChatbotComponentLog : Log : Cleanup | Character ID :  | Session ID : -1
[18:55:29] ConvaiChatbotComponentLog : Log : Cleanup | Character ID :  | Session ID : -1
[18:55:29] ConvaiChatbotComponentLog : Log : Cleanup | Character ID :  | Session ID : -1
[18:55:29] ConvaiChatbotComponentLog : Log : Cleanup | Character ID :  | Session ID : -1
[18:55:29] ConvaiChatbotComponentLog : Log : Cleanup | Character ID :  | Session ID : -1
[18:55:29] ConvaiChatbotComponentLog : Log : Cleanup | Character ID :  | Session ID : -1
[18:55:29] ConvaiChatbotComponentLog : Log : Cleanup | Character ID :  | Session ID : -1
[18:55:29] ConvaiChatbotComponentLog : Log : Cleanup | Character ID :  | Session ID : -1
[18:55:29] ConvaiChatbotComponentLog : Log : Cleanup | Character ID :  | Session ID : -1
[18:55:29] ConvaiChatbotComponentLog : Log : Cleanup | Character ID :  | Session ID : -1
[18:55:29] ConvaiChatbotComponentLog : Log : Cleanup | Character ID :  | Session ID : -1
[18:55:29] ConvaiChatbotComponentLog : Log : Cleanup | Character ID :  | Session ID : -1
[18:55:29] ConvaiChatbotComponentLog : Log : Cleanup | Character ID :  | Session ID : -1
[18:55:29] ConvaiChatbotComponentLog : Log : Cleanup | Character ID :  | Session ID : -1
[18:55:31] ConvaiChatbotComponentLog : Log : Cleanup | Character ID :  | Session ID : -1
[18:55:31] ConvaiChatbotComponentLog : Log : Cleanup | Character ID :  | Session ID : -1
[18:55:31] ConvaiChatbotComponentLog : Log : Cleanup | Character ID :  | Session ID : -1
[18:55:31] ConvaiChatbotComponentLog : Log : Cleanup | Character ID :  | Session ID : -1
[18:55:31] ConvaiChatbotComponentLog : Log : Cleanup | Character ID :  | Session ID : -1
[18:55:31] ConvaiChatbotComponentLog : Log : Cleanup | Character ID :  | Session ID : -1
[18:55:31] ConvaiSubsystemLog : Log : gRPC Creating Channel...
[18:55:31] ConvaiSubsystemLog : Log : UConvaiSubsystem Started
[18:55:31] ConvaiSubsystemLog : Log : Start Run
[18:55:31] ConvaiPlayerLog : Log : UConvaiPlayerComponent: Found submix "AudioInput"
[18:55:31] ConvaiSubsystemLog : Verbose : Registered player component: ConvaiPlayer
[18:55:32] ConvaiSubsystemLog : Verbose : Unregistered player component: ConvaiPlayer
[18:55:32] ConvaiSubsystemLog : Log : UConvaiSubsystem Stopped
[18:55:32] ConvaiSubsystemLog : Log : End Run
[18:55:32] ConvaiChatbotComponentLog : Log : Cleanup | Character ID :  | Session ID : -1
[18:55:32] ConvaiChatbotComponentLog : Log : Cleanup | Character ID :  | Session ID : -1
[18:55:32] ConvaiChatbotComponentLog : Log : Cleanup | Character ID :  | Session ID : -1
[18:55:32] ConvaiChatbotComponentLog : Log : Cleanup | Character ID :  | Session ID : -1
[18:55:32] ConvaiChatbotComponentLog : Log : Cleanup | Character ID :  | Session ID : -1
[18:55:32] ConvaiChatbotComponentLog : Log : Cleanup | Character ID :  | Session ID : -1
[18:55:32] ConvaiChatbotComponentLog : Log : Cleanup | Character ID :  | Session ID : -1
[18:56:08] ConvaiChatbotComponentLog : Log : Cleanup | Character ID :  | Session ID : -1
[18:56:08] ConvaiChatbotComponentLog : Log : Cleanup | Character ID :  | Session ID : -1
[18:56:08] ConvaiChatbotComponentLog : Log : Cleanup | Character ID :  | Session ID : -1
[18:56:08] ConvaiChatbotComponentLog : Log : Cleanup | Character ID :  | Session ID : -1
[18:56:08] ConvaiChatbotComponentLog : Log : Cleanup | Character ID :  | Session ID : -1
[18:56:13] ConvaiPlayerLog : Log : UConvaiPlayerComponent: Found submix "AudioInput"
[18:56:38] ConvaiChatbotComponentLog : Log : Cleanup | Character ID :  | Session ID : -1
[18:56:38] ConvaiChatbotComponentLog : Log : Cleanup | Character ID :  | Session ID : -1
[18:56:38] ConvaiChatbotComponentLog : Log : Cleanup | Character ID :  | Session ID : -1
[18:56:38] ConvaiChatbotComponentLog : Log : Cleanup | Character ID :  | Session ID : -1
[18:56:38] ConvaiChatbotComponentLog : Log : Cleanup | Character ID :  | Session ID : -1
[18:56:38] ConvaiChatbotComponentLog : Log : Cleanup | Character ID :  | Session ID : -1
[18:56:38] ConvaiChatbotComponentLog : Log : Cleanup | Character ID :  | Session ID : -1
[18:56:40] ConvaiChatbotComponentLog : Log : Cleanup | Character ID :  | Session ID : -1
[18:56:40] ConvaiChatbotComponentLog : Log : Cleanup | Character ID :  | Session ID : -1
[18:56:40] ConvaiChatbotComponentLog : Log : Cleanup | Character ID :  | Session ID : -1
[18:56:40] ConvaiChatbotComponentLog : Log : Cleanup | Character ID :  | Session ID : -1
[18:56:40] ConvaiChatbotComponentLog : Log : Cleanup | Character ID :  | Session ID : -1
[18:56:40] ConvaiChatbotComponentLog : Log : Cleanup | Character ID :  | Session ID : -1
[18:56:40] ConvaiChatbotComponentLog : Log : Cleanup | Character ID :  | Session ID : -1
[18:56:46] ConvaiPlayerLog : Log : UConvaiPlayerComponent: Found submix "AudioInput"
[18:59:31] ConvaiChatbotComponentLog : Log : Cleanup | Character ID : 18ee52f0-800c-11f0-b3c0-42010a7be01f | Session ID : -1
[18:59:31] ConvaiChatbotComponentLog : Log : Cleanup | Character ID : 18ee52f0-800c-11f0-b3c0-42010a7be01f | Session ID : -1
[18:59:31] ConvaiChatbotComponentLog : Log : Cleanup | Character ID : 18ee52f0-800c-11f0-b3c0-42010a7be01f | Session ID : -1
[18:59:31] ConvaiChatbotComponentLog : Log : Cleanup | Character ID : 18ee52f0-800c-11f0-b3c0-42010a7be01f | Session ID : -1
[18:59:31] ConvaiChatbotComponentLog : Log : Cleanup | Character ID : 18ee52f0-800c-11f0-b3c0-42010a7be01f | Session ID : -1
[18:59:31] ConvaiChatbotComponentLog : Log : Cleanup | Character ID : 18ee52f0-800c-11f0-b3c0-42010a7be01f | Session ID : -1
[18:59:31] ConvaiChatbotComponentLog : Log : Cleanup | Character ID : 18ee52f0-800c-11f0-b3c0-42010a7be01f | Session ID : -1
[18:59:31] ConvaiChatbotComponentLog : Log : Cleanup | Character ID : 18ee52f0-800c-11f0-b3c0-42010a7be01f | Session ID : -1
[18:59:31] ConvaiChatbotComponentLog : Log : Cleanup | Character ID : 18ee52f0-800c-11f0-b3c0-42010a7be01f | Session ID : -1
[18:59:31] ConvaiChatbotComponentLog : Log : Cleanup | Character ID : 18ee52f0-800c-11f0-b3c0-42010a7be01f | Session ID : -1
[18:59:31] ConvaiChatbotComponentLog : Log : Cleanup | Character ID : 18ee52f0-800c-11f0-b3c0-42010a7be01f | Session ID : -1
[18:59:31] ConvaiChatbotComponentLog : Log : Cleanup | Character ID : 18ee52f0-800c-11f0-b3c0-42010a7be01f | Session ID : -1
[18:59:31] ConvaiChatbotComponentLog : Log : Cleanup | Character ID : 18ee52f0-800c-11f0-b3c0-42010a7be01f | Session ID : -1
[18:59:31] ConvaiChatbotComponentLog : Log : Cleanup | Character ID : 18ee52f0-800c-11f0-b3c0-42010a7be01f | Session ID : -1
[18:59:31] ConvaiChatbotComponentLog : Log : Cleanup | Character ID : 18ee52f0-800c-11f0-b3c0-42010a7be01f | Session ID : -1
[18:59:31] ConvaiChatbotComponentLog : Log : Cleanup | Character ID : 18ee52f0-800c-11f0-b3c0-42010a7be01f | Session ID : -1
[18:59:31] ConvaiChatbotComponentLog : Log : Cleanup | Character ID : 18ee52f0-800c-11f0-b3c0-42010a7be01f | Session ID : -1
[18:59:31] ConvaiChatbotComponentLog : Log : Cleanup | Character ID : 18ee52f0-800c-11f0-b3c0-42010a7be01f | Session ID : -1
[18:59:31] ConvaiChatbotComponentLog : Log : Cleanup | Character ID : 18ee52f0-800c-11f0-b3c0-42010a7be01f | Session ID : -1
[18:59:31] ConvaiChatbotComponentLog : Log : Cleanup | Character ID : 18ee52f0-800c-11f0-b3c0-42010a7be01f | Session ID : -1
[18:59:31] ConvaiChatbotComponentLog : Log : Cleanup | Character ID : 18ee52f0-800c-11f0-b3c0-42010a7be01f | Session ID : -1
[18:59:31] ConvaiChatbotComponentLog : Log : Cleanup | Character ID : 18ee52f0-800c-11f0-b3c0-42010a7be01f | Session ID : -1
[18:59:31] ConvaiChatbotComponentLog : Log : Cleanup | Character ID : 18ee52f0-800c-11f0-b3c0-42010a7be01f | Session ID : -1
[18:59:31] ConvaiChatbotComponentLog : Log : Cleanup | Character ID : 18ee52f0-800c-11f0-b3c0-42010a7be01f | Session ID : -1
[18:59:31] ConvaiChatbotComponentLog : Log : Cleanup | Character ID : 18ee52f0-800c-11f0-b3c0-42010a7be01f | Session ID : -1
[18:59:31] ConvaiChatbotComponentLog : Log : Cleanup | Character ID : 18ee52f0-800c-11f0-b3c0-42010a7be01f | Session ID : -1
[18:59:31] ConvaiChatbotComponentLog : Log : Cleanup | Character ID : 18ee52f0-800c-11f0-b3c0-42010a7be01f | Session ID : -1
[18:59:31] ConvaiChatbotComponentLog : Log : Cleanup | Character ID : 18ee52f0-800c-11f0-b3c0-42010a7be01f | Session ID : -1
[18:59:31] ConvaiChatbotComponentLog : Log : Cleanup | Character ID : 18ee52f0-800c-11f0-b3c0-42010a7be01f | Session ID : -1
[18:59:31] ConvaiChatbotComponentLog : Log : Cleanup | Character ID : 18ee52f0-800c-11f0-b3c0-42010a7be01f | Session ID : -1
[18:59:31] ConvaiChatbotComponentLog : Log : Cleanup | Character ID : 18ee52f0-800c-11f0-b3c0-42010a7be01f | Session ID : -1
[18:59:31] ConvaiChatbotComponentLog : Log : Cleanup | Character ID : 18ee52f0-800c-11f0-b3c0-42010a7be01f | Session ID : -1
[18:59:31] ConvaiChatbotComponentLog : Log : Cleanup | Character ID : 18ee52f0-800c-11f0-b3c0-42010a7be01f | Session ID : -1
[18:59:31] ConvaiChatbotComponentLog : Log : Cleanup | Character ID : 18ee52f0-800c-11f0-b3c0-42010a7be01f | Session ID : -1
[18:59:31] ConvaiChatbotComponentLog : Log : Cleanup | Character ID : 18ee52f0-800c-11f0-b3c0-42010a7be01f | Session ID : -1
[18:59:31] ConvaiChatbotComponentLog : Log : Cleanup | Character ID : 18ee52f0-800c-11f0-b3c0-42010a7be01f | Session ID : -1
[18:59:31] ConvaiChatbotComponentLog : Log : Cleanup | Character ID : 18ee52f0-800c-11f0-b3c0-42010a7be01f | Session ID : -1
[18:59:31] ConvaiChatbotComponentLog : Log : Cleanup | Character ID : 18ee52f0-800c-11f0-b3c0-42010a7be01f | Session ID : -1
[18:59:31] ConvaiChatbotComponentLog : Log : Cleanup | Character ID : 18ee52f0-800c-11f0-b3c0-42010a7be01f | Session ID : -1
[18:59:31] ConvaiChatbotComponentLog : Log : Cleanup | Character ID : 18ee52f0-800c-11f0-b3c0-42010a7be01f | Session ID : -1
[18:59:31] ConvaiChatbotComponentLog : Log : Cleanup | Character ID : 18ee52f0-800c-11f0-b3c0-42010a7be01f | Session ID : -1
[18:59:31] ConvaiChatbotComponentLog : Log : Cleanup | Character ID : 18ee52f0-800c-11f0-b3c0-42010a7be01f | Session ID : -1
[18:59:31] ConvaiChatbotComponentLog : Log : Cleanup | Character ID : 18ee52f0-800c-11f0-b3c0-42010a7be01f | Session ID : -1
[18:59:31] ConvaiChatbotComponentLog : Log : Cleanup | Character ID : 18ee52f0-800c-11f0-b3c0-42010a7be01f | Session ID : -1
[18:59:31] ConvaiChatbotComponentLog : Log : Cleanup | Character ID : 18ee52f0-800c-11f0-b3c0-42010a7be01f | Session ID : -1
[18:59:31] ConvaiChatbotComponentLog : Log : Cleanup | Character ID : 18ee52f0-800c-11f0-b3c0-42010a7be01f | Session ID : -1
[18:59:31] ConvaiChatbotComponentLog : Log : Cleanup | Character ID : 18ee52f0-800c-11f0-b3c0-42010a7be01f | Session ID : -1
[18:59:31] ConvaiChatbotComponentLog : Log : Cleanup | Character ID : 18ee52f0-800c-11f0-b3c0-42010a7be01f | Session ID : -1
[18:59:31] ConvaiChatbotComponentLog : Log : Cleanup | Character ID : 18ee52f0-800c-11f0-b3c0-42010a7be01f | Session ID : -1
[18:59:31] ConvaiChatbotComponentLog : Log : Cleanup | Character ID : 18ee52f0-800c-11f0-b3c0-42010a7be01f | Session ID : -1
[18:59:31] ConvaiChatbotComponentLog : Log : Cleanup | Character ID : 18ee52f0-800c-11f0-b3c0-42010a7be01f | Session ID : -1
[18:59:31] ConvaiChatbotComponentLog : Log : Cleanup | Character ID : 18ee52f0-800c-11f0-b3c0-42010a7be01f | Session ID : -1
[18:59:31] ConvaiChatbotComponentLog : Log : Cleanup | Character ID : 18ee52f0-800c-11f0-b3c0-42010a7be01f | Session ID : -1
[18:59:31] ConvaiChatbotComponentLog : Log : Cleanup | Character ID : 18ee52f0-800c-11f0-b3c0-42010a7be01f | Session ID : -1
[18:59:31] ConvaiChatbotComponentLog : Log : Cleanup | Character ID : 18ee52f0-800c-11f0-b3c0-42010a7be01f | Session ID : -1
[18:59:31] ConvaiChatbotComponentLog : Log : Cleanup | Character ID : 18ee52f0-800c-11f0-b3c0-42010a7be01f | Session ID : -1
[18:59:31] ConvaiChatbotComponentLog : Log : Cleanup | Character ID : 18ee52f0-800c-11f0-b3c0-42010a7be01f | Session ID : -1
[18:59:31] ConvaiChatbotComponentLog : Log : Cleanup | Character ID : 18ee52f0-800c-11f0-b3c0-42010a7be01f | Session ID : -1
[18:59:31] ConvaiChatbotComponentLog : Log : Cleanup | Character ID : 18ee52f0-800c-11f0-b3c0-42010a7be01f | Session ID : -1
[18:59:31] ConvaiChatbotComponentLog : Log : Cleanup | Character ID : 18ee52f0-800c-11f0-b3c0-42010a7be01f | Session ID : -1
[18:59:31] ConvaiChatbotComponentLog : Log : Cleanup | Character ID : 18ee52f0-800c-11f0-b3c0-42010a7be01f | Session ID : -1
[18:59:31] ConvaiChatbotComponentLog : Log : Cleanup | Character ID : 18ee52f0-800c-11f0-b3c0-42010a7be01f | Session ID : -1
[18:59:31] ConvaiChatbotComponentLog : Log : Cleanup | Character ID : 18ee52f0-800c-11f0-b3c0-42010a7be01f | Session ID : -1
[18:59:31] ConvaiChatbotComponentLog : Log : Cleanup | Character ID : 18ee52f0-800c-11f0-b3c0-42010a7be01f | Session ID : -1
[18:59:31] ConvaiChatbotComponentLog : Log : Cleanup | Character ID : 18ee52f0-800c-11f0-b3c0-42010a7be01f | Session ID : -1
[18:59:31] ConvaiChatbotComponentLog : Log : Cleanup | Character ID : 18ee52f0-800c-11f0-b3c0-42010a7be01f | Session ID : -1
[18:59:31] ConvaiChatbotComponentLog : Log : Cleanup | Character ID : 18ee52f0-800c-11f0-b3c0-42010a7be01f | Session ID : -1
[18:59:31] ConvaiChatbotComponentLog : Log : Cleanup | Character ID :  | Session ID : -1
[18:59:31] ConvaiChatbotComponentLog : Log : Cleanup | Character ID :  | Session ID : -1
[18:59:36] ConvaiChatbotComponentLog : Log : Cleanup | Character ID : 18ee52f0-800c-11f0-b3c0-42010a7be01f | Session ID : -1
[18:59:36] ConvaiChatbotComponentLog : Log : Cleanup | Character ID : 18ee52f0-800c-11f0-b3c0-42010a7be01f | Session ID : -1
[18:59:36] ConvaiChatbotComponentLog : Log : Cleanup | Character ID : 18ee52f0-800c-11f0-b3c0-42010a7be01f | Session ID : -1
[18:59:36] ConvaiChatbotComponentLog : Log : Cleanup | Character ID : 18ee52f0-800c-11f0-b3c0-42010a7be01f | Session ID : -1
[18:59:36] ConvaiChatbotComponentLog : Log : Cleanup | Character ID :  | Session ID : -1
[18:59:36] ConvaiChatbotComponentLog : Log : Cleanup | Character ID :  | Session ID : -1
[18:59:36] ConvaiSubsystemLog : Log : gRPC Creating Channel...
[18:59:36] ConvaiSubsystemLog : Log : UConvaiSubsystem Started
[18:59:36] ConvaiSubsystemLog : Log : Start Run
[18:59:36] ConvaiPlayerLog : Log : UConvaiPlayerComponent: Found submix "AudioInput"
[18:59:36] ConvaiSubsystemLog : Verbose : Registered player component: ConvaiPlayer
[18:59:38] ConvaiPlayerLog : Log : Started Talking
[18:59:38] ConvaiAudioLog : Log : Using Microphone (4- USB Audio Device) as Audio capture device with NumChannels:1 and SampleRate:48000
[18:59:38] ConvaiSubsystemLog : Warning : gRPC channel not ready yet.. Current State: GRPC_CHANNEL_IDLE
[18:59:38] ConvaiGRPCLog : Log : AsyncGetResponse started | Character ID : 18ee52f0-800c-11f0-b3c0-42010a7be01f | Session ID : -1
[18:59:38] ConvaiGRPCLog : Log : GRPC GetResponse stream initialized | Character ID : 18ee52f0-800c-11f0-b3c0-42010a7be01f | Session ID : -1
[18:59:38] ConvaiGRPCLog : Log : request: character_id: "18ee52f0-800c-11f0-b3c0-42010a7be01f"
api_key: "384f8dfb83426b764bdfd44fd7ea6183"
session_id: "-1"
audio_config {
  sample_rate_hertz: 16000
}
action_config {
  characters {
    name: "Player"
  }
  classification: "multistep"
}
speaker: "Player"
dynamic_info_config {
}
 | Character ID : 18ee52f0-800c-11f0-b3c0-42010a7be01f | Session ID : -1
[18:59:38] ConvaiGRPCLog : Log : Initial Stream Write | Character ID : 18ee52f0-800c-11f0-b3c0-42010a7be01f | Session ID : -1
[18:59:38] ConvaiGRPCLog : Log : Initial Stream Read | Character ID : 18ee52f0-800c-11f0-b3c0-42010a7be01f | Session ID : -1
[18:59:38] ConvaiChatbotComponentLog : Log : Invoke Speech: Executed | Character ID : 18ee52f0-800c-11f0-b3c0-42010a7be01f | Session ID : -1
[18:59:38] ConvaiChatbotComponentLog : Warning : InvokeTrigger_Internal: ConvaiActions: The Environment object does not have any actions added, please add some actions using "Add Action" or "Add Actions" function
[18:59:38] ConvaiChatbotComponentLog : Log : InvokeTrigger_Internal: Environment object seems to have issues -> setting GenerateActions to false
[18:59:38] ConvaiChatbotComponentLog : Log : InterruptSpeech: Interrupting character | Character ID : 18ee52f0-800c-11f0-b3c0-42010a7be01f | Session ID : -1
[18:59:38] ConvaiChatbotComponentLog : Log : UConvaiChatbotComponent Request Finished! | Character ID : 18ee52f0-800c-11f0-b3c0-42010a7be01f | Session ID : -1
[18:59:38] ConvaiChatbotComponentLog : Log : Chatbot Total Received Audio: 0.000000 seconds
[18:59:38] ConvaiGRPCLog : Log : AsyncGetResponse started | Character ID : 18ee52f0-800c-11f0-b3c0-42010a7be01f | Session ID : -1
[18:59:38] ConvaiGRPCLog : Log : GRPC GetResponse stream initialized | Character ID : 18ee52f0-800c-11f0-b3c0-42010a7be01f | Session ID : -1
[18:59:38] ConvaiGRPCLog : Log : request: character_id: "18ee52f0-800c-11f0-b3c0-42010a7be01f"
api_key: "384f8dfb83426b764bdfd44fd7ea6183"
session_id: "-1"
audio_config {
  sample_rate_hertz: 16000
}
action_config {
  characters {
    name: "Player"
  }
  classification: "multistep"
}
speaker: "Player"
dynamic_info_config {
}
 | Character ID : 18ee52f0-800c-11f0-b3c0-42010a7be01f | Session ID : -1
[18:59:38] ConvaiGRPCLog : Log : Initial Stream Write | Character ID : 18ee52f0-800c-11f0-b3c0-42010a7be01f | Session ID : -1
[18:59:38] ConvaiGRPCLog : Log : Initial Stream Read | Character ID : 18ee52f0-800c-11f0-b3c0-42010a7be01f | Session ID : -1
[18:59:38] ConvaiGRPCLog : Log : Sent Trigger Message Solve this example 9+23 : | Character ID : 18ee52f0-800c-11f0-b3c0-42010a7be01f | Session ID : -1
[18:59:38] ConvaiGRPCLog : Log : Calling Stream WriteLast | Character ID : 18ee52f0-800c-11f0-b3c0-42010a7be01f | Session ID : -1
[18:59:38] ConvaiGRPCLog : Log : OnStreamWriteDone
[18:59:38] ConvaiGRPCLog : Log : NumberOfAudioBytesSent 0
[18:59:39] ConvaiPlayerLog : Log : FinishTalking calling FinishGetResponseStream
[18:59:39] ConvaiChatbotComponentLog : Log : UConvaiChatbotComponent::FinishGetResponseStream stream is no longer writable | Character ID : 18ee52f0-800c-11f0-b3c0-42010a7be01f | Session ID : -1
[18:59:39] ConvaiPlayerLog : Log : Finished Talking
[18:59:41] ConvaiGRPCLog : Log : GetResponse EmotionResponseDebug: session_id: "aa2744318bc5581e301807279b8fa221"
emotion_response: "Joy"

[18:59:41] ConvaiGRPCLog : Log : Received Audio Chunk: 1.322290 secs | Character ID : 18ee52f0-800c-11f0-b3c0-42010a7be01f | Session ID : aa2744318bc5581e301807279b8fa221
[18:59:41] ConvaiGRPCLog : Log : EmotionResponse: joy 2
[18:59:41] ConvaiAudioStreamerLog : Log : New SampleRate: 44100
[18:59:41] ConvaiAudioStreamerLog : Log : New Channels: 1
[18:59:41] ConvaiAudioStreamerLog : Log : State transition: Stopped -> Playing
[18:59:41] ConvaiGRPCLog : Log : Received Text That's an easy one! : | Character ID : 18ee52f0-800c-11f0-b3c0-42010a7be01f | Session ID : aa2744318bc5581e301807279b8fa221 | ReceivedFinalResponse : False
[18:59:41] ConvaiGRPCLog : Log : GetResponse EmotionResponseDebug: session_id: "aa2744318bc5581e301807279b8fa221"
emotion_response: "Joy"

[18:59:41] ConvaiGRPCLog : Log : Received Audio Chunk: 2.959070 secs | Character ID : 18ee52f0-800c-11f0-b3c0-42010a7be01f | Session ID : aa2744318bc5581e301807279b8fa221
[18:59:41] ConvaiGRPCLog : Log : EmotionResponse: joy 2
[18:59:41] ConvaiChatbotComponentLog : Log : Chatbot Total Received Audio: 4.279320 seconds
[18:59:41] ConvaiGRPCLog : Log : Received Text 9 + 23 equals 32!: | Character ID : 18ee52f0-800c-11f0-b3c0-42010a7be01f | Session ID : aa2744318bc5581e301807279b8fa221 | ReceivedFinalResponse : True
[18:59:41] ConvaiGRPCLog : Log : GetResponse SequenceString: No Actions
[18:59:41] ConvaiGRPCLog : Log : Action: None
[18:59:42] ConvaiGRPCLog : Log : GetResponse EmotionResponseDebug: session_id: "aa2744318bc5581e301807279b8fa221"
emotion_response: "Ecstasy Admiration"

[18:59:42] ConvaiGRPCLog : Log : No more data to read after 3 attempts. Calling Finish...
[18:59:42] ConvaiGRPCLog : Log : Calling Stream Finish | Character ID : 18ee52f0-800c-11f0-b3c0-42010a7be01f | Session ID : aa2744318bc5581e301807279b8fa221
[18:59:42] ConvaiGRPCLog : Log : On Stream Finish | Character ID : 18ee52f0-800c-11f0-b3c0-42010a7be01f | Session ID : aa2744318bc5581e301807279b8fa221
[18:59:42] ConvaiChatbotComponentLog : Log : UConvaiChatbotComponent Request Finished! | Character ID : 18ee52f0-800c-11f0-b3c0-42010a7be01f | Session ID : aa2744318bc5581e301807279b8fa221
[18:59:45] ConvaiAudioStreamerLog : Log : onAudioFinished
[18:59:45] ConvaiAudioStreamerLog : Log : State transition: Playing -> Stopped
[18:59:47] ConvaiSubsystemLog : Verbose : Unregistered player component: ConvaiPlayer
[18:59:47] ConvaiSubsystemLog : Log : UConvaiSubsystem Stopped
[18:59:47] ConvaiGRPCLog : Log : Destroying UConvaiGRPCGetResponseProxy... | Character ID : 18ee52f0-800c-11f0-b3c0-42010a7be01f | Session ID : aa2744318bc5581e301807279b8fa221
[18:59:47] ConvaiSubsystemLog : Log : Could not run gRPC delegate due to thread closing down
[18:59:47] ConvaiSubsystemLog : Log : End Run
[18:59:47] ConvaiGRPCLog : Log : Destroying UConvaiGRPCGetResponseProxy... | Character ID : 18ee52f0-800c-11f0-b3c0-42010a7be01f | Session ID : -1
[18:59:47] ConvaiChatbotComponentLog : Log : Cleanup | Character ID : 18ee52f0-800c-11f0-b3c0-42010a7be01f | Session ID : aa2744318bc5581e301807279b8fa221
[18:59:53] ConvaiChatbotComponentLog : Log : Cleanup | Character ID :  | Session ID : -1
[18:59:53] ConvaiChatbotComponentLog : Log : Cleanup | Character ID :  | Session ID : -1
[18:59:56] ConvaiChatbotComponentLog : Log : Cleanup | Character ID : 18ee52f0-800c-11f0-b3c0-42010a7be01f | Session ID : -1
[18:59:56] ConvaiChatbotComponentLog : Log : Cleanup | Character ID : 18ee52f0-800c-11f0-b3c0-42010a7be01f | Session ID : -1
[18:59:56] ConvaiChatbotComponentLog : Log : Cleanup | Character ID : 18ee52f0-800c-11f0-b3c0-42010a7be01f | Session ID : -1
[18:59:56] ConvaiChatbotComponentLog : Log : Cleanup | Character ID :  | Session ID : -1
[18:59:56] ConvaiChatbotComponentLog : Log : Cleanup | Character ID : 18ee52f0-800c-11f0-b3c0-42010a7be01f | Session ID : -1
[18:59:56] ConvaiChatbotComponentLog : Log : Cleanup | Character ID : 18ee52f0-800c-11f0-b3c0-42010a7be01f | Session ID : -1
[18:59:56] ConvaiChatbotComponentLog : Log : Cleanup | Character ID : 18ee52f0-800c-11f0-b3c0-42010a7be01f | Session ID : -1
[18:59:56] ConvaiSubsystemLog : Log : gRPC Creating Channel...
[18:59:56] ConvaiSubsystemLog : Log : UConvaiSubsystem Started
[18:59:56] ConvaiSubsystemLog : Log : Start Run
[18:59:56] ConvaiPlayerLog : Log : UConvaiPlayerComponent: Found submix "AudioInput"
[18:59:56] ConvaiSubsystemLog : Verbose : Registered player component: ConvaiPlayer
[18:59:58] ConvaiSubsystemLog : Verbose : Unregistered player component: ConvaiPlayer
[18:59:58] ConvaiSubsystemLog : Log : UConvaiSubsystem Stopped
[18:59:58] ConvaiSubsystemLog : Log : End Run
[18:59:58] ConvaiChatbotComponentLog : Log : Cleanup | Character ID : 18ee52f0-800c-11f0-b3c0-42010a7be01f | Session ID : -1
[18:59:58] ConvaiChatbotComponentLog : Log : Cleanup | Character ID : 18ee52f0-800c-11f0-b3c0-42010a7be01f | Session ID : -1
[19:00:03] ConvaiSubsystemLog : Log : gRPC Creating Channel...
[19:00:03] ConvaiSubsystemLog : Log : Start Run
[19:00:03] ConvaiSubsystemLog : Log : UConvaiSubsystem Started
[19:00:03] ConvaiPlayerLog : Log : UConvaiPlayerComponent: Found submix "AudioInput"
[19:00:03] ConvaiSubsystemLog : Verbose : Registered player component: ConvaiPlayer
[19:00:06] ConvaiPlayerLog : Log : Started Talking
[19:00:06] ConvaiAudioLog : Log : Using Microphone (4- USB Audio Device) as Audio capture device with NumChannels:1 and SampleRate:48000
[19:00:06] ConvaiSubsystemLog : Warning : gRPC channel not ready yet.. Current State: GRPC_CHANNEL_IDLE
[19:00:06] ConvaiGRPCLog : Log : AsyncGetResponse started | Character ID : 18ee52f0-800c-11f0-b3c0-42010a7be01f | Session ID : -1
[19:00:06] ConvaiGRPCLog : Log : GRPC GetResponse stream initialized | Character ID : 18ee52f0-800c-11f0-b3c0-42010a7be01f | Session ID : -1
[19:00:06] ConvaiGRPCLog : Log : request: character_id: "18ee52f0-800c-11f0-b3c0-42010a7be01f"
api_key: "384f8dfb83426b764bdfd44fd7ea6183"
session_id: "-1"
audio_config {
  sample_rate_hertz: 16000
}
action_config {
  characters {
    name: "Player"
  }
  classification: "multistep"
}
speaker: "Player"
dynamic_info_config {
}
 | Character ID : 18ee52f0-800c-11f0-b3c0-42010a7be01f | Session ID : -1
[19:00:06] ConvaiGRPCLog : Log : Initial Stream Write | Character ID : 18ee52f0-800c-11f0-b3c0-42010a7be01f | Session ID : -1
[19:00:06] ConvaiGRPCLog : Log : Initial Stream Read | Character ID : 18ee52f0-800c-11f0-b3c0-42010a7be01f | Session ID : -1
[19:00:07] ConvaiPlayerLog : Log : FinishTalking calling FinishGetResponseStream
[19:00:07] ConvaiGRPCLog : Log : Finish Writing to audio data buffer
[19:00:07] ConvaiGRPCLog : Log : FinishWriting:: Informing On Data Received
[19:00:07] ConvaiGRPCLog : Log : Calling Stream WritesDone | LastWriteReceived : True | AudioBuffer.Num() : 0 | Character ID : 18ee52f0-800c-11f0-b3c0-42010a7be01f | Session ID : -1
[19:00:07] ConvaiGRPCLog : Log : On Stream Write Done Writing
[19:00:07] ConvaiPlayerLog : Log : Finished Talking
[19:00:07] ConvaiGRPCLog : Log : OnStreamWriteDone
[19:00:07] ConvaiGRPCLog : Log : NumberOfAudioBytesSent 27280
[19:00:08] ConvaiGRPCLog : Log : Received UserQuery Follow.: | Character ID : 18ee52f0-800c-11f0-b3c0-42010a7be01f | Session ID : 36d01fb2d5aaa2009ead782c6c750104 | IsFinalTranscription : False
[19:00:08] ConvaiGRPCLog : Log : Received UserQuery Follow me.: | Character ID : 18ee52f0-800c-11f0-b3c0-42010a7be01f | Session ID : 36d01fb2d5aaa2009ead782c6c750104 | IsFinalTranscription : True
[19:00:09] ConvaiGRPCLog : Log : GetResponse EmotionResponseDebug: session_id: "36d01fb2d5aaa2009ead782c6c750104"
emotion_response: "Serenity"

[19:00:09] ConvaiGRPCLog : Log : Received Audio Chunk: 0.766009 secs | Character ID : 18ee52f0-800c-11f0-b3c0-42010a7be01f | Session ID : 36d01fb2d5aaa2009ead782c6c750104
[19:00:09] ConvaiGRPCLog : Log : EmotionResponse: joy 1
[19:00:09] ConvaiAudioStreamerLog : Log : New SampleRate: 44100
[19:00:09] ConvaiAudioStreamerLog : Log : New Channels: 1
[19:00:09] ConvaiAudioStreamerLog : Log : State transition: Stopped -> Playing
[19:00:09] ConvaiGRPCLog : Log : Received Text Okay! : | Character ID : 18ee52f0-800c-11f0-b3c0-42010a7be01f | Session ID : 36d01fb2d5aaa2009ead782c6c750104 | ReceivedFinalResponse : False
[19:00:09] ConvaiGRPCLog : Log : GetResponse EmotionResponseDebug: session_id: "36d01fb2d5aaa2009ead782c6c750104"
emotion_response: "Serenity"

[19:00:09] ConvaiGRPCLog : Log : Received Audio Chunk: 1.263197 secs | Character ID : 18ee52f0-800c-11f0-b3c0-42010a7be01f | Session ID : 36d01fb2d5aaa2009ead782c6c750104
[19:00:09] ConvaiGRPCLog : Log : EmotionResponse: joy 1
[19:00:09] ConvaiChatbotComponentLog : Log : Chatbot Total Received Audio: 2.027165 seconds
[19:00:09] ConvaiGRPCLog : Log : Received Text I will follow you!: | Character ID : 18ee52f0-800c-11f0-b3c0-42010a7be01f | Session ID : 36d01fb2d5aaa2009ead782c6c750104 | ReceivedFinalResponse : True
[19:00:09] ConvaiGRPCLog : Log : GetResponse SequenceString: No Actions
[19:00:09] ConvaiGRPCLog : Log : Action: None
[19:00:10] ConvaiGRPCLog : Log : GetResponse EmotionResponseDebug: session_id: "36d01fb2d5aaa2009ead782c6c750104"
emotion_response: "Ecstasy Admiration Interest"

[19:00:10] ConvaiGRPCLog : Log : No more data to read after 3 attempts. Calling Finish...
[19:00:10] ConvaiGRPCLog : Log : Calling Stream Finish | Character ID : 18ee52f0-800c-11f0-b3c0-42010a7be01f | Session ID : 36d01fb2d5aaa2009ead782c6c750104
[19:00:10] ConvaiGRPCLog : Log : On Stream Finish | Character ID : 18ee52f0-800c-11f0-b3c0-42010a7be01f | Session ID : 36d01fb2d5aaa2009ead782c6c750104
[19:00:10] ConvaiChatbotComponentLog : Log : UConvaiChatbotComponent Request Finished! | Character ID : 18ee52f0-800c-11f0-b3c0-42010a7be01f | Session ID : 36d01fb2d5aaa2009ead782c6c750104
[19:00:11] ConvaiAudioStreamerLog : Log : onAudioFinished
[19:00:11] ConvaiAudioStreamerLog : Log : State transition: Playing -> Stopped
[19:00:17] ConvaiSubsystemLog : Verbose : Unregistered player component: ConvaiPlayer
[19:00:17] ConvaiSubsystemLog : Log : UConvaiSubsystem Stopped
[19:00:17] ConvaiSubsystemLog : Log : End Run
[19:00:17] ConvaiGRPCLog : Log : Destroying UConvaiGRPCGetResponseProxy... | Character ID : 18ee52f0-800c-11f0-b3c0-42010a7be01f | Session ID : 36d01fb2d5aaa2009ead782c6c750104
[19:00:17] ConvaiChatbotComponentLog : Log : Cleanup | Character ID : 18ee52f0-800c-11f0-b3c0-42010a7be01f | Session ID : 36d01fb2d5aaa2009ead782c6c750104
[19:01:07] ConvaiPlayerLog : Log : UConvaiPlayerComponent: Found submix "AudioInput"
[19:01:47] ConvaiChatbotComponentLog : Log : Cleanup | Character ID : 18ee52f0-800c-11f0-b3c0-42010a7be01f | Session ID : -1
[19:01:47] ConvaiChatbotComponentLog : Log : Cleanup | Character ID : 18ee52f0-800c-11f0-b3c0-42010a7be01f | Session ID : -1
[19:02:00] ConvaiChatbotComponentLog : Log : Cleanup | Character ID : 18ee52f0-800c-11f0-b3c0-42010a7be01f | Session ID : -1
[19:02:00] ConvaiChatbotComponentLog : Log : Cleanup | Character ID : 18ee52f0-800c-11f0-b3c0-42010a7be01f | Session ID : -1
[19:02:00] ConvaiChatbotComponentLog : Log : Cleanup | Character ID : 18ee52f0-800c-11f0-b3c0-42010a7be01f | Session ID : -1
[19:02:00] ConvaiChatbotComponentLog : Log : Cleanup | Character ID : 18ee52f0-800c-11f0-b3c0-42010a7be01f | Session ID : -1
[19:02:00] ConvaiChatbotComponentLog : Log : Cleanup | Character ID : 18ee52f0-800c-11f0-b3c0-42010a7be01f | Session ID : -1
[19:02:00] ConvaiChatbotComponentLog : Log : Cleanup | Character ID : 18ee52f0-800c-11f0-b3c0-42010a7be01f | Session ID : -1
[19:02:00] ConvaiChatbotComponentLog : Log : Cleanup | Character ID :  | Session ID : -1
[19:02:00] ConvaiChatbotComponentLog : Log : Cleanup | Character ID : 18ee52f0-800c-11f0-b3c0-42010a7be01f | Session ID : -1
[19:02:00] ConvaiChatbotComponentLog : Log : Cleanup | Character ID : 18ee52f0-800c-11f0-b3c0-42010a7be01f | Session ID : -1
[19:02:00] ConvaiChatbotComponentLog : Log : Cleanup | Character ID : 18ee52f0-800c-11f0-b3c0-42010a7be01f | Session ID : -1
[19:02:25] ConvaiChatbotComponentLog : Log : Cleanup | Character ID : 18ee52f0-800c-11f0-b3c0-42010a7be01f | Session ID : -1
[19:02:25] ConvaiChatbotComponentLog : Log : Cleanup | Character ID : 18ee52f0-800c-11f0-b3c0-42010a7be01f | Session ID : -1
[19:02:25] ConvaiChatbotComponentLog : Log : Cleanup | Character ID : 18ee52f0-800c-11f0-b3c0-42010a7be01f | Session ID : -1
[19:02:25] ConvaiChatbotComponentLog : Log : Cleanup | Character ID : 18ee52f0-800c-11f0-b3c0-42010a7be01f | Session ID : -1
[19:02:25] ConvaiChatbotComponentLog : Log : Cleanup | Character ID : 18ee52f0-800c-11f0-b3c0-42010a7be01f | Session ID : -1
[19:02:25] ConvaiChatbotComponentLog : Log : Cleanup | Character ID : 18ee52f0-800c-11f0-b3c0-42010a7be01f | Session ID : -1
[19:02:25] ConvaiChatbotComponentLog : Log : Cleanup | Character ID : 18ee52f0-800c-11f0-b3c0-42010a7be01f | Session ID : -1
[19:02:25] ConvaiChatbotComponentLog : Log : Cleanup | Character ID : 18ee52f0-800c-11f0-b3c0-42010a7be01f | Session ID : -1
[19:02:25] ConvaiChatbotComponentLog : Log : Cleanup | Character ID : 18ee52f0-800c-11f0-b3c0-42010a7be01f | Session ID : -1
[19:02:25] ConvaiChatbotComponentLog : Log : Cleanup | Character ID : 18ee52f0-800c-11f0-b3c0-42010a7be01f | Session ID : -1
[19:02:25] ConvaiChatbotComponentLog : Log : Cleanup | Character ID : 18ee52f0-800c-11f0-b3c0-42010a7be01f | Session ID : -1
[19:02:25] ConvaiChatbotComponentLog : Log : Cleanup | Character ID :  | Session ID : -1
[19:02:25] ConvaiChatbotComponentLog : Log : Cleanup | Character ID : 18ee52f0-800c-11f0-b3c0-42010a7be01f | Session ID : -1
[19:02:25] ConvaiChatbotComponentLog : Log : Cleanup | Character ID : 18ee52f0-800c-11f0-b3c0-42010a7be01f | Session ID : -1
[19:02:25] ConvaiChatbotComponentLog : Log : Cleanup | Character ID : 18ee52f0-800c-11f0-b3c0-42010a7be01f | Session ID : -1
[19:02:30] ConvaiChatbotComponentLog : Log : Cleanup | Character ID : 18ee52f0-800c-11f0-b3c0-42010a7be01f | Session ID : -1
[19:02:30] ConvaiChatbotComponentLog : Log : Cleanup | Character ID : 18ee52f0-800c-11f0-b3c0-42010a7be01f | Session ID : -1
[19:02:30] ConvaiChatbotComponentLog : Log : Cleanup | Character ID : 18ee52f0-800c-11f0-b3c0-42010a7be01f | Session ID : -1
[19:02:30] ConvaiChatbotComponentLog : Log : Cleanup | Character ID : 18ee52f0-800c-11f0-b3c0-42010a7be01f | Session ID : -1
[19:02:30] ConvaiChatbotComponentLog : Log : Cleanup | Character ID : 18ee52f0-800c-11f0-b3c0-42010a7be01f | Session ID : -1
[19:02:30] ConvaiChatbotComponentLog : Log : Cleanup | Character ID : 18ee52f0-800c-11f0-b3c0-42010a7be01f | Session ID : -1
[19:02:30] ConvaiChatbotComponentLog : Log : Cleanup | Character ID :  | Session ID : -1
[19:02:30] ConvaiChatbotComponentLog : Log : Cleanup | Character ID : 18ee52f0-800c-11f0-b3c0-42010a7be01f | Session ID : -1
[19:02:30] ConvaiChatbotComponentLog : Log : Cleanup | Character ID : 18ee52f0-800c-11f0-b3c0-42010a7be01f | Session ID : -1
[19:02:30] ConvaiChatbotComponentLog : Log : Cleanup | Character ID : 18ee52f0-800c-11f0-b3c0-42010a7be01f | Session ID : -1
[19:02:53] ConvaiChatbotComponentLog : Log : Cleanup | Character ID : 18ee52f0-800c-11f0-b3c0-42010a7be01f | Session ID : -1
[19:02:53] ConvaiChatbotComponentLog : Log : Cleanup | Character ID : 18ee52f0-800c-11f0-b3c0-42010a7be01f | Session ID : -1
[19:02:53] ConvaiChatbotComponentLog : Log : Cleanup | Character ID : 18ee52f0-800c-11f0-b3c0-42010a7be01f | Session ID : -1
[19:02:53] ConvaiChatbotComponentLog : Log : Cleanup | Character ID : 18ee52f0-800c-11f0-b3c0-42010a7be01f | Session ID : -1
[19:02:53] ConvaiChatbotComponentLog : Log : Cleanup | Character ID :  | Session ID : -1
[19:02:53] ConvaiChatbotComponentLog : Log : Cleanup | Character ID : 18ee52f0-800c-11f0-b3c0-42010a7be01f | Session ID : -1
[19:02:53] ConvaiChatbotComponentLog : Log : Cleanup | Character ID : 18ee52f0-800c-11f0-b3c0-42010a7be01f | Session ID : -1
[19:02:53] ConvaiChatbotComponentLog : Log : Cleanup | Character ID : 18ee52f0-800c-11f0-b3c0-42010a7be01f | Session ID : -1
[19:02:53] ConvaiSubsystemLog : Log : gRPC Creating Channel...
[19:02:53] ConvaiSubsystemLog : Log : UConvaiSubsystem Started
[19:02:53] ConvaiSubsystemLog : Log : Start Run
[19:02:53] ConvaiPlayerLog : Log : UConvaiPlayerComponent: Found submix "AudioInput"
[19:02:53] ConvaiSubsystemLog : Verbose : Registered player component: ConvaiPlayer
[19:02:59] ConvaiSubsystemLog : Verbose : Unregistered player component: ConvaiPlayer
[19:02:59] ConvaiSubsystemLog : Log : UConvaiSubsystem Stopped
[19:02:59] ConvaiSubsystemLog : Log : End Run
[19:02:59] ConvaiChatbotComponentLog : Log : Cleanup | Character ID : 18ee52f0-800c-11f0-b3c0-42010a7be01f | Session ID : -1
[19:02:59] ConvaiChatbotComponentLog : Log : Cleanup | Character ID : 18ee52f0-800c-11f0-b3c0-42010a7be01f | Session ID : -1
[19:02:59] ConvaiChatbotComponentLog : Log : Cleanup | Character ID : 18ee52f0-800c-11f0-b3c0-42010a7be01f | Session ID : -1
[19:02:59] ConvaiChatbotComponentLog : Log : Cleanup | Character ID : 18ee52f0-800c-11f0-b3c0-42010a7be01f | Session ID : -1
[19:02:59] ConvaiChatbotComponentLog : Log : Cleanup | Character ID : 18ee52f0-800c-11f0-b3c0-42010a7be01f | Session ID : -1
[19:02:59] ConvaiChatbotComponentLog : Log : Cleanup | Character ID : 18ee52f0-800c-11f0-b3c0-42010a7be01f | Session ID : -1
[19:12:01] ConvaiChatbotComponentLog : Log : Cleanup | Character ID : 18ee52f0-800c-11f0-b3c0-42010a7be01f | Session ID : -1
[19:12:01] ConvaiChatbotComponentLog : Log : Cleanup | Character ID : 18ee52f0-800c-11f0-b3c0-42010a7be01f | Session ID : -1
[19:12:01] ConvaiChatbotComponentLog : Log : Cleanup | Character ID : 18ee52f0-800c-11f0-b3c0-42010a7be01f | Session ID : -1
[19:12:01] ConvaiChatbotComponentLog : Log : Cleanup | Character ID : 18ee52f0-800c-11f0-b3c0-42010a7be01f | Session ID : -1
[19:12:01] ConvaiChatbotComponentLog : Log : Cleanup | Character ID : 18ee52f0-800c-11f0-b3c0-42010a7be01f | Session ID : -1
[19:12:01] ConvaiChatbotComponentLog : Log : Cleanup | Character ID : 18ee52f0-800c-11f0-b3c0-42010a7be01f | Session ID : -1
[19:12:44] ConvaiChatbotComponentLog : Log : Cleanup | Character ID : 18ee52f0-800c-11f0-b3c0-42010a7be01f | Session ID : -1
[19:12:44] ConvaiChatbotComponentLog : Log : Cleanup | Character ID : 18ee52f0-800c-11f0-b3c0-42010a7be01f | Session ID : -1
[19:12:44] ConvaiChatbotComponentLog : Log : Cleanup | Character ID : 18ee52f0-800c-11f0-b3c0-42010a7be01f | Session ID : -1
[19:12:44] ConvaiChatbotComponentLog : Log : Cleanup | Character ID : 18ee52f0-800c-11f0-b3c0-42010a7be01f | Session ID : -1
[19:12:44] ConvaiChatbotComponentLog : Log : Cleanup | Character ID : 18ee52f0-800c-11f0-b3c0-42010a7be01f | Session ID : -1
[19:12:44] ConvaiChatbotComponentLog : Log : Cleanup | Character ID : 18ee52f0-800c-11f0-b3c0-42010a7be01f | Session ID : -1
[19:12:44] ConvaiChatbotComponentLog : Log : Cleanup | Character ID : 18ee52f0-800c-11f0-b3c0-42010a7be01f | Session ID : -1
[19:12:44] ConvaiChatbotComponentLog : Log : Cleanup | Character ID : 18ee52f0-800c-11f0-b3c0-42010a7be01f | Session ID : -1
[19:12:44] ConvaiChatbotComponentLog : Log : Cleanup | Character ID : 18ee52f0-800c-11f0-b3c0-42010a7be01f | Session ID : -1
[19:12:44] ConvaiChatbotComponentLog : Log : Cleanup | Character ID : 18ee52f0-800c-11f0-b3c0-42010a7be01f | Session ID : -1
[19:12:44] ConvaiChatbotComponentLog : Log : Cleanup | Character ID : 18ee52f0-800c-11f0-b3c0-42010a7be01f | Session ID : -1
[19:12:44] ConvaiChatbotComponentLog : Log : Cleanup | Character ID : 18ee52f0-800c-11f0-b3c0-42010a7be01f | Session ID : -1
[19:12:44] ConvaiChatbotComponentLog : Log : Cleanup | Character ID : 18ee52f0-800c-11f0-b3c0-42010a7be01f | Session ID : -1
[19:13:17] ConvaiChatbotComponentLog : Log : Cleanup | Character ID : 18ee52f0-800c-11f0-b3c0-42010a7be01f | Session ID : -1
[19:13:17] ConvaiChatbotComponentLog : Log : Cleanup | Character ID : 18ee52f0-800c-11f0-b3c0-42010a7be01f | Session ID : -1
[19:13:17] ConvaiChatbotComponentLog : Log : Cleanup | Character ID : 18ee52f0-800c-11f0-b3c0-42010a7be01f | Session ID : -1
[19:13:17] ConvaiChatbotComponentLog : Log : Cleanup | Character ID : 18ee52f0-800c-11f0-b3c0-42010a7be01f | Session ID : -1
[19:13:17] ConvaiChatbotComponentLog : Log : Cleanup | Character ID : 18ee52f0-800c-11f0-b3c0-42010a7be01f | Session ID : -1
[19:13:17] ConvaiChatbotComponentLog : Log : Cleanup | Character ID : 18ee52f0-800c-11f0-b3c0-42010a7be01f | Session ID : -1
[19:13:17] ConvaiChatbotComponentLog : Log : Cleanup | Character ID : 18ee52f0-800c-11f0-b3c0-42010a7be01f | Session ID : -1
[19:13:17] ConvaiChatbotComponentLog : Log : Cleanup | Character ID : 18ee52f0-800c-11f0-b3c0-42010a7be01f | Session ID : -1
[19:13:17] ConvaiChatbotComponentLog : Log : Cleanup | Character ID : 18ee52f0-800c-11f0-b3c0-42010a7be01f | Session ID : -1
[19:13:19] ConvaiChatbotComponentLog : Log : Cleanup | Character ID : 18ee52f0-800c-11f0-b3c0-42010a7be01f | Session ID : -1
[19:13:19] ConvaiChatbotComponentLog : Log : Cleanup | Character ID : 18ee52f0-800c-11f0-b3c0-42010a7be01f | Session ID : -1
[19:13:19] ConvaiChatbotComponentLog : Log : Cleanup | Character ID : 18ee52f0-800c-11f0-b3c0-42010a7be01f | Session ID : -1
[19:13:19] ConvaiChatbotComponentLog : Log : Cleanup | Character ID : 18ee52f0-800c-11f0-b3c0-42010a7be01f | Session ID : -1
[19:13:19] ConvaiChatbotComponentLog : Log : Cleanup | Character ID : 18ee52f0-800c-11f0-b3c0-42010a7be01f | Session ID : -1
[19:13:19] ConvaiChatbotComponentLog : Log : Cleanup | Character ID : 18ee52f0-800c-11f0-b3c0-42010a7be01f | Session ID : -1
[19:13:19] ConvaiChatbotComponentLog : Log : Cleanup | Character ID : 18ee52f0-800c-11f0-b3c0-42010a7be01f | Session ID : -1
[19:13:19] ConvaiChatbotComponentLog : Log : Cleanup | Character ID : 18ee52f0-800c-11f0-b3c0-42010a7be01f | Session ID : -1
[19:13:19] ConvaiChatbotComponentLog : Log : Cleanup | Character ID : 18ee52f0-800c-11f0-b3c0-42010a7be01f | Session ID : -1
[19:13:19] ConvaiChatbotComponentLog : Log : Cleanup | Character ID : 18ee52f0-800c-11f0-b3c0-42010a7be01f | Session ID : -1
[19:13:19] ConvaiChatbotComponentLog : Log : Cleanup | Character ID : 18ee52f0-800c-11f0-b3c0-42010a7be01f | Session ID : -1
[19:13:19] ConvaiChatbotComponentLog : Log : Cleanup | Character ID : 18ee52f0-800c-11f0-b3c0-42010a7be01f | Session ID : -1
[19:13:29] ConvaiChatbotComponentLog : Log : Cleanup | Character ID : 18ee52f0-800c-11f0-b3c0-42010a7be01f | Session ID : -1
[19:13:29] ConvaiChatbotComponentLog : Log : Cleanup | Character ID : 18ee52f0-800c-11f0-b3c0-42010a7be01f | Session ID : -1
[19:13:29] ConvaiChatbotComponentLog : Log : Cleanup | Character ID : 18ee52f0-800c-11f0-b3c0-42010a7be01f | Session ID : -1
[19:13:29] ConvaiChatbotComponentLog : Log : Cleanup | Character ID : 18ee52f0-800c-11f0-b3c0-42010a7be01f | Session ID : -1
[19:13:29] ConvaiChatbotComponentLog : Log : Cleanup | Character ID : 18ee52f0-800c-11f0-b3c0-42010a7be01f | Session ID : -1
[19:13:29] ConvaiChatbotComponentLog : Log : Cleanup | Character ID : 18ee52f0-800c-11f0-b3c0-42010a7be01f | Session ID : -1
[19:13:29] ConvaiChatbotComponentLog : Log : Cleanup | Character ID : 18ee52f0-800c-11f0-b3c0-42010a7be01f | Session ID : -1
[19:13:29] ConvaiSubsystemLog : Log : gRPC Creating Channel...
[19:13:29] ConvaiSubsystemLog : Log : UConvaiSubsystem Started
[19:13:29] ConvaiSubsystemLog : Log : Start Run
[19:13:29] ConvaiPlayerLog : Log : UConvaiPlayerComponent: Found submix "AudioInput"
[19:13:29] ConvaiSubsystemLog : Verbose : Registered player component: ConvaiPlayer
[19:13:33] ConvaiSubsystemLog : Verbose : Unregistered player component: ConvaiPlayer
[19:13:33] ConvaiSubsystemLog : Log : UConvaiSubsystem Stopped
[19:13:33] ConvaiSubsystemLog : Log : End Run
[19:13:33] ConvaiChatbotComponentLog : Log : Cleanup | Character ID : 18ee52f0-800c-11f0-b3c0-42010a7be01f | Session ID : -1
[19:13:33] ConvaiChatbotComponentLog : Log : Cleanup | Character ID : 18ee52f0-800c-11f0-b3c0-42010a7be01f | Session ID : -1
[19:13:33] ConvaiChatbotComponentLog : Log : Cleanup | Character ID : 18ee52f0-800c-11f0-b3c0-42010a7be01f | Session ID : -1
[19:13:33] ConvaiChatbotComponentLog : Log : Cleanup | Character ID : 18ee52f0-800c-11f0-b3c0-42010a7be01f | Session ID : -1
[19:13:33] ConvaiChatbotComponentLog : Log : Cleanup | Character ID : 18ee52f0-800c-11f0-b3c0-42010a7be01f | Session ID : -1
[19:13:33] ConvaiChatbotComponentLog : Log : Cleanup | Character ID : 18ee52f0-800c-11f0-b3c0-42010a7be01f | Session ID : -1
[19:13:33] ConvaiChatbotComponentLog : Log : Cleanup | Character ID : 18ee52f0-800c-11f0-b3c0-42010a7be01f | Session ID : -1
[19:13:33] ConvaiChatbotComponentLog : Log : Cleanup | Character ID : 18ee52f0-800c-11f0-b3c0-42010a7be01f | Session ID : -1
[19:13:33] ConvaiChatbotComponentLog : Log : Cleanup | Character ID : 18ee52f0-800c-11f0-b3c0-42010a7be01f | Session ID : -1
[19:13:33] ConvaiChatbotComponentLog : Log : Cleanup | Character ID : 18ee52f0-800c-11f0-b3c0-42010a7be01f | Session ID : -1
[19:13:33] ConvaiChatbotComponentLog : Log : Cleanup | Character ID : 18ee52f0-800c-11f0-b3c0-42010a7be01f | Session ID : -1
[19:13:33] ConvaiChatbotComponentLog : Log : Cleanup | Character ID : 18ee52f0-800c-11f0-b3c0-42010a7be01f | Session ID : -1
[19:13:33] ConvaiChatbotComponentLog : Log : Cleanup | Character ID : 18ee52f0-800c-11f0-b3c0-42010a7be01f | Session ID : -1
[19:13:42] ConvaiChatbotComponentLog : Log : Cleanup | Character ID : 18ee52f0-800c-11f0-b3c0-42010a7be01f | Session ID : -1
[19:13:42] ConvaiChatbotComponentLog : Log : Cleanup | Character ID : 18ee52f0-800c-11f0-b3c0-42010a7be01f | Session ID : -1
[19:13:42] ConvaiChatbotComponentLog : Log : Cleanup | Character ID : 18ee52f0-800c-11f0-b3c0-42010a7be01f | Session ID : -1
[19:13:42] ConvaiChatbotComponentLog : Log : Cleanup | Character ID : 18ee52f0-800c-11f0-b3c0-42010a7be01f | Session ID : -1
[19:13:42] ConvaiChatbotComponentLog : Log : Cleanup | Character ID : 18ee52f0-800c-11f0-b3c0-42010a7be01f | Session ID : -1
[19:13:42] ConvaiChatbotComponentLog : Log : Cleanup | Character ID : 18ee52f0-800c-11f0-b3c0-42010a7be01f | Session ID : -1
[19:13:42] ConvaiChatbotComponentLog : Log : Cleanup | Character ID : 18ee52f0-800c-11f0-b3c0-42010a7be01f | Session ID : -1
[19:13:42] ConvaiChatbotComponentLog : Log : Cleanup | Character ID : 18ee52f0-800c-11f0-b3c0-42010a7be01f | Session ID : -1
[19:13:42] ConvaiChatbotComponentLog : Log : Cleanup | Character ID : 18ee52f0-800c-11f0-b3c0-42010a7be01f | Session ID : -1
[19:13:42] ConvaiChatbotComponentLog : Log : Cleanup | Character ID : 18ee52f0-800c-11f0-b3c0-42010a7be01f | Session ID : -1
[19:13:42] ConvaiChatbotComponentLog : Log : Cleanup | Character ID : 18ee52f0-800c-11f0-b3c0-42010a7be01f | Session ID : -1
[19:13:42] ConvaiChatbotComponentLog : Log : Cleanup | Character ID : 18ee52f0-800c-11f0-b3c0-42010a7be01f | Session ID : -1
[19:13:42] ConvaiChatbotComponentLog : Log : Cleanup | Character ID : 18ee52f0-800c-11f0-b3c0-42010a7be01f | Session ID : -1
[19:13:50] ConvaiChatbotComponentLog : Log : Cleanup | Character ID : 18ee52f0-800c-11f0-b3c0-42010a7be01f | Session ID : -1
[19:13:50] ConvaiChatbotComponentLog : Log : Cleanup | Character ID : 18ee52f0-800c-11f0-b3c0-42010a7be01f | Session ID : -1
[19:13:50] ConvaiChatbotComponentLog : Log : Cleanup | Character ID : 18ee52f0-800c-11f0-b3c0-42010a7be01f | Session ID : -1
[19:13:50] ConvaiChatbotComponentLog : Log : Cleanup | Character ID : 18ee52f0-800c-11f0-b3c0-42010a7be01f | Session ID : -1
[19:13:50] ConvaiChatbotComponentLog : Log : Cleanup | Character ID : 18ee52f0-800c-11f0-b3c0-42010a7be01f | Session ID : -1
[19:13:50] ConvaiChatbotComponentLog : Log : Cleanup | Character ID : 18ee52f0-800c-11f0-b3c0-42010a7be01f | Session ID : -1
[19:13:50] ConvaiChatbotComponentLog : Log : Cleanup | Character ID : 18ee52f0-800c-11f0-b3c0-42010a7be01f | Session ID : -1
[19:13:50] ConvaiSubsystemLog : Log : gRPC Creating Channel...
[19:13:50] ConvaiSubsystemLog : Log : UConvaiSubsystem Started
[19:13:50] ConvaiSubsystemLog : Log : Start Run
[19:13:50] ConvaiPlayerLog : Log : UConvaiPlayerComponent: Found submix "AudioInput"
[19:13:50] ConvaiSubsystemLog : Verbose : Registered player component: ConvaiPlayer
[19:14:00] ConvaiSubsystemLog : Verbose : Unregistered player component: ConvaiPlayer
[19:14:00] ConvaiSubsystemLog : Log : UConvaiSubsystem Stopped
[19:14:00] ConvaiSubsystemLog : Log : End Run
[19:14:00] ConvaiChatbotComponentLog : Log : Cleanup | Character ID : 18ee52f0-800c-11f0-b3c0-42010a7be01f | Session ID : -1
[19:14:00] ConvaiChatbotComponentLog : Log : Cleanup | Character ID : 18ee52f0-800c-11f0-b3c0-42010a7be01f | Session ID : -1
[19:14:00] ConvaiChatbotComponentLog : Log : Cleanup | Character ID : 18ee52f0-800c-11f0-b3c0-42010a7be01f | Session ID : -1
[19:14:00] ConvaiChatbotComponentLog : Log : Cleanup | Character ID : 18ee52f0-800c-11f0-b3c0-42010a7be01f | Session ID : -1
[19:14:00] ConvaiChatbotComponentLog : Log : Cleanup | Character ID : 18ee52f0-800c-11f0-b3c0-42010a7be01f | Session ID : -1
[19:14:20] ConvaiSubsystemLog : Log : gRPC Creating Channel...
[19:14:20] ConvaiSubsystemLog : Log : UConvaiSubsystem Started
[19:14:20] ConvaiSubsystemLog : Log : Start Run
[19:14:20] ConvaiPlayerLog : Log : UConvaiPlayerComponent: Found submix "AudioInput"
[19:14:20] ConvaiSubsystemLog : Verbose : Registered player component: ConvaiPlayer
[19:14:25] ConvaiSubsystemLog : Verbose : Unregistered player component: ConvaiPlayer
[19:14:25] ConvaiSubsystemLog : Log : UConvaiSubsystem Stopped
[19:14:25] ConvaiSubsystemLog : Log : End Run
[19:14:25] ConvaiChatbotComponentLog : Log : Cleanup | Character ID : 18ee52f0-800c-11f0-b3c0-42010a7be01f | Session ID : -1
[19:15:11] ConvaiChatbotComponentLog : Log : Cleanup | Character ID :  | Session ID : -1
[19:15:11] ConvaiChatbotComponentLog : Log : Cleanup | Character ID :  | Session ID : -1
[19:15:11] ConvaiChatbotComponentLog : Log : Cleanup | Character ID :  | Session ID : -1
[19:15:11] ConvaiChatbotComponentLog : Log : Cleanup | Character ID :  | Session ID : -1
[19:15:11] ConvaiChatbotComponentLog : Log : Cleanup | Character ID :  | Session ID : -1
[19:15:11] ConvaiChatbotComponentLog : Log : Cleanup | Character ID :  | Session ID : -1
[19:15:11] ConvaiChatbotComponentLog : Log : Cleanup | Character ID :  | Session ID : -1
[19:15:11] ConvaiChatbotComponentLog : Log : Cleanup | Character ID :  | Session ID : -1
[19:15:11] ConvaiChatbotComponentLog : Log : Cleanup | Character ID :  | Session ID : -1
[19:15:11] ConvaiChatbotComponentLog : Log : Cleanup | Character ID :  | Session ID : -1
[19:15:11] ConvaiChatbotComponentLog : Log : Cleanup | Character ID :  | Session ID : -1
[19:15:11] ConvaiChatbotComponentLog : Log : Cleanup | Character ID :  | Session ID : -1
[19:15:11] ConvaiChatbotComponentLog : Log : Cleanup | Character ID :  | Session ID : -1
[19:15:11] ConvaiChatbotComponentLog : Log : Cleanup | Character ID :  | Session ID : -1
[19:15:11] ConvaiChatbotComponentLog : Log : Cleanup | Character ID :  | Session ID : -1
[19:15:11] ConvaiChatbotComponentLog : Log : Cleanup | Character ID :  | Session ID : -1
[19:15:28] ConvaiChatbotComponentLog : Log : Cleanup | Character ID :  | Session ID : -1
[19:15:28] ConvaiChatbotComponentLog : Log : Cleanup | Character ID :  | Session ID : -1
[19:15:28] ConvaiChatbotComponentLog : Log : Cleanup | Character ID :  | Session ID : -1
[19:15:28] ConvaiChatbotComponentLog : Log : Cleanup | Character ID :  | Session ID : -1
[19:21:34] ConvaiChatbotComponentLog : Log : Cleanup | Character ID :  | Session ID : -1
[19:21:34] ConvaiChatbotComponentLog : Log : Cleanup | Character ID :  | Session ID : -1
[19:24:15] ConvaiChatbotComponentLog : Log : Cleanup | Character ID :  | Session ID : -1
[19:24:15] ConvaiChatbotComponentLog : Log : Cleanup | Character ID :  | Session ID : -1
[19:24:16] ConvaiChatbotComponentLog : Log : Cleanup | Character ID :  | Session ID : -1
[19:24:16] ConvaiChatbotComponentLog : Log : Cleanup | Character ID :  | Session ID : -1
[19:24:16] ConvaiChatbotComponentLog : Log : Cleanup | Character ID :  | Session ID : -1
[19:24:16] ConvaiChatbotComponentLog : Log : Cleanup | Character ID :  | Session ID : -1
[19:24:16] ConvaiChatbotComponentLog : Log : Cleanup | Character ID :  | Session ID : -1
[19:24:16] ConvaiChatbotComponentLog : Log : Cleanup | Character ID :  | Session ID : -1
[19:24:16] ConvaiChatbotComponentLog : Log : Cleanup | Character ID :  | Session ID : -1
[19:24:16] ConvaiChatbotComponentLog : Log : Cleanup | Character ID :  | Session ID : -1
[19:24:17] ConvaiGRPCLog : Log : Destroying UConvaiGRPCGetResponseProxy... | Character ID :  | Session ID : 
[19:24:17] ConvaiGRPCFeedBackLog : Log : On Stream Finish | Interaction ID :  | Feedback Text :  | ThumbsUp: False
[19:24:17] ConvaiChatbotComponentLog : Log : Cleanup | Character ID :  | Session ID : -1
[19:24:17] ConvaiChatbotComponentLog : Log : Cleanup | Character ID :  | Session ID : -1
[19:24:17] ConvaiChatbotComponentLog : Log : Cleanup | Character ID :  | Session ID : -1
[19:24:17] ConvaiChatbotComponentLog : Log : Cleanup | Character ID :  | Session ID : -1
[19:24:17] ConvaiChatbotComponentLog : Log : Cleanup | Character ID :  | Session ID : -1
[19:24:17] ConvaiChatbotComponentLog : Log : Cleanup | Character ID : 18ee52f0-800c-11f0-b3c0-42010a7be01f | Session ID : -1
[19:24:17] ConvaiChatbotComponentLog : Log : Cleanup | Character ID :  | Session ID : -1
[19:24:17] ConvaiChatbotComponentLog : Log : Cleanup | Character ID :  | Session ID : -1
[19:24:17] ConvaiChatbotComponentLog : Log : Cleanup | Character ID :  | Session ID : -1
[19:24:17] ConvaiChatbotComponentLog : Log : Cleanup | Character ID : 18ee52f0-800c-11f0-b3c0-42010a7be01f | Session ID : -1
[19:24:17] ConvaiChatbotComponentLog : Log : Cleanup | Character ID : 18ee52f0-800c-11f0-b3c0-42010a7be01f | Session ID : -1
[19:24:17] ConvaiChatbotComponentLog : Log : Cleanup | Character ID :  | Session ID : -1
[19:24:17] ConvaiChatbotComponentLog : Log : Cleanup | Character ID :  | Session ID : -1
[19:24:17] ConvaiChatbotComponentLog : Log : Cleanup | Character ID :  | Session ID : -1
[19:24:17] ConvaiChatbotComponentLog : Log : Cleanup | Character ID :  | Session ID : -1
[19:24:17] ConvaiChatbotComponentLog : Log : Cleanup | Character ID :  | Session ID : -1
[19:24:17] ConvaiChatbotComponentLog : Log : Cleanup | Character ID :  | Session ID : -1
[19:24:17] ConvaiChatbotComponentLog : Log : Cleanup | Character ID :  | Session ID : -1
[19:24:17] ConvaiChatbotComponentLog : Log : Cleanup | Character ID :  | Session ID : -1
[19:24:17] ConvaiChatbotComponentLog : Log : Cleanup | Character ID :  | Session ID : -1
[19:24:17] ConvaiChatbotComponentLog : Log : Cleanup | Character ID :  | Session ID : -1
[19:24:17] ConvaiChatbotComponentLog : Log : Cleanup | Character ID :  | Session ID : -1
[19:24:17] ConvaiChatbotComponentLog : Log : Cleanup | Character ID :  | Session ID : -1
[19:24:17] ConvaiChatbotComponentLog : Log : Cleanup | Character ID :  | Session ID : -1
[19:24:17] ConvaiChatbotComponentLog : Log : Cleanup | Character ID :  | Session ID : -1
[19:24:17] ConvaiChatbotComponentLog : Log : Cleanup | Character ID :  | Session ID : -1
